
Showing logs for build [32mbeethub-beet-master-release-mwjtf-10[0m stage [32mfrom-build-pack[0m and container [32mstep-credential-initializer-wb8v2[0m
{"level":"warn","ts":1587319507.5202448,"logger":"fallback-logger","caller":"logging/config.go:69","msg":"Fetch GitHub commit ID from kodata failed: \"ref: refs/heads/0.8.0-**-support-backwards-incompats\" is not a valid GitHub commit ID"}
{"level":"info","ts":1587319507.5248103,"logger":"fallback-logger","caller":"creds-init/main.go:40","msg":"Credentials initialized."}

Showing logs for build [32mbeethub-beet-master-release-mwjtf-10[0m stage [32mfrom-build-pack[0m and container [32mstep-working-dir-initializer-fz5xn[0m
{"level":"warn","ts":1587319508.8178883,"logger":"fallback-logger","caller":"logging/config.go:69","msg":"Fetch GitHub commit ID from kodata failed: open /var/run/ko/HEAD: no such file or directory"}
{"level":"info","ts":1587319508.8211293,"logger":"fallback-logger","caller":"bash/main.go:64","msg":"Successfully executed command \"sh -c mkdir -p /workspace/source\"; output "}

Showing logs for build [32mbeethub-beet-master-release-mwjtf-10[0m stage [32mfrom-build-pack[0m and container [32mstep-place-tools[0m

Showing logs for build [32mbeethub-beet-master-release-mwjtf-10[0m stage [32mfrom-build-pack[0m and container [32mstep-git-source-beethub-beet-master-release-mwjtf-vnnjp[0m
{"level":"warn","ts":1587319515.9706078,"logger":"fallback-logger","caller":"logging/config.go:69","msg":"Fetch GitHub commit ID from kodata failed: \"ref: refs/heads/0.8.0-**-support-backwards-incompats\" is not a valid GitHub commit ID"}
{"level":"info","ts":1587319516.3080788,"logger":"fallback-logger","caller":"git/git.go:103","msg":"Successfully cloned https://github.com/beethub/beet.git @ v0.0.8 in path /workspace/source"}

Showing logs for build [32mbeethub-beet-master-release-mwjtf-10[0m stage [32mfrom-build-pack[0m and container [32mstep-git-merge[0m
Using SHAs from PULL_REFS=master:47b339648280d9d0eeeb58b0743d4d1037321b1d
WARNING: no SHAs to merge, falling back to initial cloned commit

Showing logs for build [32mbeethub-beet-master-release-mwjtf-10[0m stage [32mfrom-build-pack[0m and container [32mstep-setup-jx-git-credentials[0m
Generated Git credentials file /workspace/xdg_config/git/credentials

Showing logs for build [32mbeethub-beet-master-release-mwjtf-10[0m stage [32mfrom-build-pack[0m and container [32mstep-build-npmrc[0m
Command "credential" is deprecated, it will be removed on Jun 1 2020.  This is replaced by Tekton's mounted secrets
WARNING: failed to find Secret npm-token in namespace **

Showing logs for build [32mbeethub-beet-master-release-mwjtf-10[0m stage [32mfrom-build-pack[0m and container [32mstep-build-npm-install[0m

> core-js@2.6.11 postinstall /workspace/source/node_modules/babel-runtime/node_modules/core-js
> node -e "try{require('./postinstall')}catch(e){}"


> core-js@3.6.4 postinstall /workspace/source/node_modules/core-js
> node -e "try{require('./postinstall')}catch(e){}"


> core-js-pure@3.6.4 postinstall /workspace/source/node_modules/core-js-pure
> node -e "try{require('./postinstall')}catch(e){}"

npm WARN optional SKIPPING OPTIONAL DEPENDENCY: fsevents@1.2.12 (node_modules/webpack-dev-server/node_modules/fsevents):
npm WARN notsup SKIPPING OPTIONAL DEPENDENCY: Unsupported platform for fsevents@1.2.12: wanted {"os":"darwin","arch":"any"} (current: {"os":"linux","arch":"x64"})
npm WARN optional SKIPPING OPTIONAL DEPENDENCY: fsevents@1.2.12 (node_modules/watchpack/node_modules/fsevents):
npm WARN notsup SKIPPING OPTIONAL DEPENDENCY: Unsupported platform for fsevents@1.2.12: wanted {"os":"darwin","arch":"any"} (current: {"os":"linux","arch":"x64"})
npm WARN optional SKIPPING OPTIONAL DEPENDENCY: fsevents@1.2.12 (node_modules/jest-haste-map/node_modules/fsevents):
npm WARN notsup SKIPPING OPTIONAL DEPENDENCY: Unsupported platform for fsevents@1.2.12: wanted {"os":"darwin","arch":"any"} (current: {"os":"linux","arch":"x64"})
npm WARN optional SKIPPING OPTIONAL DEPENDENCY: fsevents@2.1.2 (node_modules/fsevents):
npm WARN notsup SKIPPING OPTIONAL DEPENDENCY: Unsupported platform for fsevents@2.1.2: wanted {"os":"darwin","arch":"any"} (current: {"os":"linux","arch":"x64"})
added 1688 packages from 852 contributors and audited 920860 packages in 63.869s

found 0 vulnerabilities


Showing logs for build [32mbeethub-beet-master-release-mwjtf-10[0m stage [32mfrom-build-pack[0m and container [32mstep-build-npm-test[0m

> beet@0.0.1 test /workspace/source
> react-scripts test

PASS src/App.test.tsx
  ✓ renders without crashing (1201ms)

Test Suites: 1 passed, 1 total
Tests:       1 passed, 1 total
Snapshots:   0 total
Time:        5.58s
Ran all test suites.

Showing logs for build [32mbeethub-beet-master-release-mwjtf-10[0m stage [32mfrom-build-pack[0m and container [32mstep-build-ui-build[0m

> beet@0.0.1 build /workspace/source
> react-scripts build

Creating an optimized production build...
Compiled successfully.

File sizes after gzip:

  129.87 KB  build/static/js/51.2d44faae.chunk.js
  24.98 KB   build/static/js/93.3e8b80c4.chunk.js
  24.12 KB   build/static/js/4.6e9098ca.chunk.js
  11.67 KB   build/static/js/53.f647a0dd.chunk.js
  10.71 KB   build/static/js/59.9d5bbf7a.chunk.js
  10.71 KB   build/static/js/60.a2b52b28.chunk.js
  10.19 KB   build/static/js/55.defff8cd.chunk.js
  10.19 KB   build/static/js/56.b3cbab46.chunk.js
  7.46 KB    build/static/js/77.db974178.chunk.js
  7.45 KB    build/static/js/76.478c4b60.chunk.js
  6.37 KB    build/static/js/64.a2ab79d8.chunk.js
  6.36 KB    build/static/js/63.ccf68d2c.chunk.js
  6.28 KB    build/static/js/61.c95749fb.chunk.js
  6.28 KB    build/static/js/62.f80f4e49.chunk.js
  6.02 KB    build/static/js/54.a34098ec.chunk.js
  5.73 KB    build/static/js/90.49b70b2f.chunk.js
  5.73 KB    build/static/js/91.0cec8012.chunk.js
  5.37 KB    build/static/js/78.40452cb8.chunk.js
  5.37 KB    build/static/js/79.d5f83093.chunk.js
  5.36 KB    build/static/js/86.0469079f.chunk.js
  5.36 KB    build/static/js/85.72cc1ad7.chunk.js
  4.96 KB    build/static/js/73.3d09cd80.chunk.js
  4.96 KB    build/static/js/72.b51030b5.chunk.js
  4.7 KB     build/static/js/82.694e6b19.chunk.js
  4.69 KB    build/static/js/69.03cab7f9.chunk.js
  4.54 KB    build/static/js/81.9f897f5f.chunk.js
  4.54 KB    build/static/js/80.005a0965.chunk.js
  4.51 KB    build/static/js/83.9bf0edd1.chunk.js
  4.51 KB    build/static/js/84.a199f0e8.chunk.js
  4.36 KB    build/static/js/74.9e534fc8.chunk.js
  4.36 KB    build/static/js/75.6718c124.chunk.js
  4.28 KB    build/static/js/57.d87a7dcc.chunk.js
  4.28 KB    build/static/js/58.5c6b5a38.chunk.js
  4.08 KB    build/static/js/66.0f763059.chunk.js
  4.08 KB    build/static/js/65.fa6a3421.chunk.js
  4.07 KB    build/static/js/stencil-ion-fab_3-ios-entry-js.5ee7fd12.chunk.js
  4.07 KB    build/static/js/stencil-ion-fab_3-md-entry-js.0d368aae.chunk.js
  4.02 KB    build/static/js/70.14963240.chunk.js
  4.02 KB    build/static/js/71.ad45bba6.chunk.js
  3.98 KB    build/static/js/87.a97d69be.chunk.js
  3.98 KB    build/static/js/88.8b98015f.chunk.js
  3.72 KB    build/static/js/stencil-ion-tab-bar_2-ios-entry-js.83e2fc73.chunk.js
  3.72 KB    build/static/js/stencil-ion-tab-bar_2-md-entry-js.545ef8ce.chunk.js
  3.67 KB    build/static/css/51.f6437998.chunk.css
  3.58 KB    build/static/js/68.00bd1c3a.chunk.js
  3.56 KB    build/static/js/stencil-ion-popover-ios-entry-js.7be5a7a1.chunk.js
  3.55 KB    build/static/js/stencil-ion-popover-md-entry-js.8b1eaeb1.chunk.js
  3.41 KB    build/static/js/stencil-ion-input-ios-entry-js.08c4c96e.chunk.js
  3.41 KB    build/static/js/stencil-ion-input-md-entry-js.9d02b0ba.chunk.js
  3.21 KB    build/static/js/stencil-ion-virtual-scroll-entry-js.9ed1e3ca.chunk.js
  3.09 KB    build/static/js/stencil-ion-toggle-ios-entry-js.48f941ed.chunk.js
  3.09 KB    build/static/js/stencil-ion-toggle-md-entry-js.eb0fe25e.chunk.js
  2.96 KB    build/static/js/stencil-ion-loading-ios-entry-js.5f7ccb88.chunk.js
  2.96 KB    build/static/js/stencil-ion-loading-md-entry-js.9aea3f7e.chunk.js
  2.84 KB    build/static/js/runtime-main.b223abcd.js
  2.82 KB    build/static/js/stencil-ion-back-button-ios-entry-js.e69b9012.chunk.js
  2.82 KB    build/static/js/stencil-ion-back-button-md-entry-js.c72bafc7.chunk.js
  2.74 KB    build/static/js/stencil-ion-textarea-ios-entry-js.a9b9e3b6.chunk.js
  2.74 KB    build/static/js/stencil-ion-textarea-md-entry-js.51c006c8.chunk.js
  2.58 KB    build/static/js/52.bb742f4e.chunk.js
  2.58 KB    build/static/js/stencil-ion-card_5-ios-entry-js.bb44891a.chunk.js
  2.58 KB    build/static/js/stencil-ion-card_5-md-entry-js.1432f5ca.chunk.js
  2.58 KB    build/static/js/stencil-ion-radio_2-ios-entry-js.332b550d.chunk.js
  2.58 KB    build/static/js/stencil-ion-radio_2-md-entry-js.a818b9cd.chunk.js
  2.37 KB    build/static/js/stencil-ion-progress-bar-ios-entry-js.d8dba41c.chunk.js
  2.37 KB    build/static/js/stencil-ion-progress-bar-md-entry-js.44ea9e00.chunk.js
  2.33 KB    build/static/js/stencil-ion-reorder_2-ios-entry-js.38909c81.chunk.js
  2.33 KB    build/static/js/stencil-ion-reorder_2-md-entry-js.13e5d986.chunk.js
  2.32 KB    build/static/js/stencil-ion-checkbox-md-entry-js.b84ef8af.chunk.js
  2.32 KB    build/static/js/stencil-ion-checkbox-ios-entry-js.d081179c.chunk.js
  2.28 KB    build/static/js/stencil-ion-infinite-scroll_2-ios-entry-js.964ebbea.chunk.js
  2.28 KB    build/static/js/stencil-ion-infinite-scroll_2-md-entry-js.01539f4c.chunk.js
  2.15 KB    build/static/js/main.3344f96b.chunk.js
  2.15 KB    build/static/js/stencil-ion-spinner-entry-js.5664d334.chunk.js
  2.1 KB     build/static/js/95.a8a297e4.chunk.js
  2.09 KB    build/static/js/92.e492fe59.chunk.js
  2.01 KB    build/static/js/stencil-ion-tab_2-entry-js.737229c5.chunk.js
  1.92 KB    build/static/js/2.20ae5a60.chunk.js
  1.79 KB    build/static/js/stencil-ion-col_3-entry-js.33df43d9.chunk.js
  1.67 KB    build/static/js/stencil-ion-chip-ios-entry-js.dd21666b.chunk.js
  1.67 KB    build/static/js/stencil-ion-chip-md-entry-js.3481c10b.chunk.js
  1.67 KB    build/static/js/94.1f2f25d2.chunk.js
  1.43 KB    build/static/js/stencil-ion-split-pane-ios-entry-js.748336ba.chunk.js
  1.42 KB    build/static/js/stencil-ion-split-pane-md-entry-js.1724db3e.chunk.js
  1.39 KB    build/static/js/stencil-ion-avatar_3-ios-entry-js.ba368708.chunk.js
  1.39 KB    build/static/js/stencil-ion-avatar_3-md-entry-js.ff0ae872.chunk.js
  1.24 KB    build/static/js/stencil-ion-ripple-effect-entry-js.9f0c556a.chunk.js
  1.1 KB     build/static/css/main.93e823cb.chunk.css
  954 B      build/static/js/5.7c41f746.chunk.js
  822 B      build/static/js/stencil-ion-text-entry-js.d557a7d5.chunk.js
  796 B      build/static/js/stencil-ion-backdrop-ios-entry-js.ea147d80.chunk.js
  796 B      build/static/js/stencil-ion-backdrop-md-entry-js.8b43ae13.chunk.js
  725 B      build/static/js/stencil-ion-img-entry-js.2deb032c.chunk.js
  565 B      build/static/js/89.646de552.chunk.js
  502 B      build/static/css/52.fffe9c78.chunk.css
  500 B      build/static/js/67.d73600b6.chunk.js
  472 B      build/static/js/1.66b7318c.chunk.js
  460 B      build/static/js/0.8fa6fcc5.chunk.js
  342 B      build/static/js/3.cdce69f5.chunk.js

The project was built assuming it is hosted at /.
You can control this with the homepage field in your package.json.

The build folder is ready to be deployed.
You may serve it with a static server:

  npm install -g serve
  serve -s build

Find out more about deployment here:

  bit.ly/CRA-deploy


Showing logs for build [32mbeethub-beet-master-release-mwjtf-10[0m stage [32mfrom-build-pack[0m and container [32mstep-build-container-build[0m
[36mINFO[0m[0000] Downloading base image nginx:stable-alpine   
[36mINFO[0m[0000] Error while retrieving image from cache: getting file info: stat /workspace/sha256:0dfc8450deb8c7f06fbaac27e453ac3262df7d3a93639c4e2f48ee39434ec017: no such file or directory 
[36mINFO[0m[0000] Downloading base image nginx:stable-alpine   
[36mINFO[0m[0000] Checking for cached layer docker.io/todo/cache:8a63ea816ef5402b758e67007c46529f2bb21402b663d14ecb4f9c3528d1ec36... 
[36mINFO[0m[0000] No cached layer found for cmd RUN apk add --no-cache bash 
[36mINFO[0m[0000] Unpacking rootfs as cmd RUN apk add --no-cache bash requires it. 
[36mINFO[0m[0002] Taking snapshot of full filesystem...        
[36mINFO[0m[0003] RUN apk add --no-cache bash                  
[36mINFO[0m[0003] cmd: /bin/sh                                 
[36mINFO[0m[0003] args: [-c apk add --no-cache bash]           
fetch http://dl-cdn.alpinelinux.org/alpine/v3.10/main/x86_64/APKINDEX.tar.gz
fetch http://dl-cdn.alpinelinux.org/alpine/v3.10/community/x86_64/APKINDEX.tar.gz
(1/2) Installing readline (8.0.0-r0)
(2/2) Installing bash (5.0.0-r0)
Executing bash-5.0.0-r0.post-install
Executing busybox-1.30.1-r3.trigger
OK: 30 MiB in 39 packages
[36mINFO[0m[0003] Taking snapshot of full filesystem...        
[36mINFO[0m[0004] Pushing layer docker.io/todo/cache:8a63ea816ef5402b758e67007c46529f2bb21402b663d14ecb4f9c3528d1ec36 to cache now 
[36mINFO[0m[0004] RUN rm -rf /etc/nginx/conf.d                 
[36mINFO[0m[0004] cmd: /bin/sh                                 
[36mINFO[0m[0004] args: [-c rm -rf /etc/nginx/conf.d]          
[36mINFO[0m[0004] Taking snapshot of full filesystem...        
[36mINFO[0m[0004] Adding whiteout for /etc/nginx/conf.d        
[36mINFO[0m[0004] Pushing layer docker.io/todo/cache:3a99cd3dc723afa2de5b04eeaf203d405288b2ef273431baf6b6582f4b4616be to cache now 
[36mINFO[0m[0004] Using files from context: [/workspace/source/conf] 
[36mINFO[0m[0004] COPY conf /etc/nginx                         
[36mINFO[0m[0004] Taking snapshot of files...                  
[36mINFO[0m[0004] Using files from context: [/workspace/source/build] 
[36mINFO[0m[0004] COPY /build /usr/share/nginx/html            
[36mINFO[0m[0004] Taking snapshot of files...                  
[36mINFO[0m[0005] EXPOSE 80                                    
[36mINFO[0m[0005] cmd: EXPOSE                                  
[36mINFO[0m[0005] Adding exposed port: 80/tcp                  
[36mINFO[0m[0005] No files changed in this command, skipping snapshotting. 
[36mINFO[0m[0005] WORKDIR /usr/share/nginx/html                
[36mINFO[0m[0005] cmd: workdir                                 
[36mINFO[0m[0005] Changed working directory to /usr/share/nginx/html 
[36mINFO[0m[0005] No files changed in this command, skipping snapshotting. 
[36mINFO[0m[0005] Using files from context: [/workspace/source/env.sh] 
[36mINFO[0m[0005] COPY ./env.sh .                              
[36mINFO[0m[0005] Taking snapshot of files...                  
[36mINFO[0m[0005] Using files from context: [/workspace/source/.env] 
[36mINFO[0m[0005] COPY .env .                                  
[36mINFO[0m[0005] Taking snapshot of files...                  
[36mINFO[0m[0005] RUN chmod +x env.sh                          
[36mINFO[0m[0005] cmd: /bin/sh                                 
[36mINFO[0m[0005] args: [-c chmod +x env.sh]                   
[36mINFO[0m[0005] Taking snapshot of full filesystem...        
[36mINFO[0m[0005] No files were changed, appending empty layer to config. No layer added to image. 
[36mINFO[0m[0005] CMD ["/bin/bash", "-c", "/usr/share/nginx/html/env.sh && nginx -g \"daemon off;\""] 
[36mINFO[0m[0005] No files changed in this command, skipping snapshotting. 
[36mINFO[0m[0005] Pushing layer docker.io/todo/cache:f9c2bb1edb713a38f2824a00d003b9bc20877211cd75cdaa9608ecc0867cab65 to cache now 
[33mWARN[0m[0006] error uploading layer to cache: failed to push to destination index.docker.io/todo/cache:8a63ea816ef5402b758e67007c46529f2bb21402b663d14ecb4f9c3528d1ec36: unsupported status code 401; body:  
2020/04/19 18:08:37 existing blob: sha256:4167d3e149762ea326c26fc2fd4e36fdeb7d4e639408ad30f37b8f25ac285a98
2020/04/19 18:08:37 existing blob: sha256:d9176111d0efc5ddb68011b69dac0b695830915fadb15e3ab888bbdbc8adcb51
2020/04/19 18:08:38 pushed blob: sha256:ca8e816f39c5e9e9da27067127e7c304378a21b75f1b777044be9b7ee1f98d5c
2020/04/19 18:08:38 pushed blob: sha256:b0130b8f9383b5941ade3075d45fec79e3908dc19baa50276df296f333d9689c
2020/04/19 18:08:38 pushed blob: sha256:542bed8eef13de4d0a31755653e9f851cd20385b6e47e4e55c7f49da368816cf
2020/04/19 18:08:38 pushed blob: sha256:a9404915803380938a6d4c6a6d3bf440ac8d5605d273e2cfb86bd67abfb60564
2020/04/19 18:08:38 pushed blob: sha256:99be8b3bf80ea3eb94b9cb4bd5ad67d2254994ecceffb454d352e18e67f39ee9
2020/04/19 18:08:38 pushed blob: sha256:63669ca991b671a2774c50e1057d29a6b4b5b8bdc4da87f081af0ac89d7b995d
2020/04/19 18:08:38 pushed blob: sha256:3f5b07204dc11c3f3c62783e0a822088d96f4bdd8b77b22fc0a72cf1bb60b627
2020/04/19 18:08:39 index.docker.io/beethub/beet:0.0.8: digest: sha256:f57fa6fe36500d7ebdc82e0e00b0a0701b46ab26c6f5c81375cf26f5f4901d66 size: 1559

Showing logs for build [32mbeethub-beet-master-release-mwjtf-10[0m stage [32mfrom-build-pack[0m and container [32mstep-build-post-build[0m
no CVE provider running in the current ** namespace so skip adding image to be analysed

Showing logs for build [32mbeethub-beet-master-release-mwjtf-10[0m stage [32mfrom-build-pack[0m and container [32mstep-promote-changelog[0m
Converted /workspace/source/charts/beet to an unshallow repository
Generating change log from git ref cd0ed38f443ffe6e7e5ebadd00464d7f2a49206a => 71e1c3fff50b3f3ecd5c37fcdb9ce9228016e1bf
Associating user x-0 in users.jenkins.io with email cesarac66@hotmail.com to git GitProvider user with login -0 as emails match
Adding label jenkins.io/git-github-userid=-0 to user x-0 in users.jenkins.io
WARNING: Failed to enrich commit 47b339648280d9d0eeeb58b0743d4d1037321b1d with issues: User.jenkins.io "x-0" is invalid: metadata.labels: Invalid value: "-0": a valid label must be an empty string or consist of alphanumeric characters, '-', '_' or '.', and must start and end with an alphanumeric character (e.g. 'MyValue',  or 'my_value',  or '12345', regex used for validation is '(([A-Za-z0-9][-A-Za-z0-9_.]*)?[A-Za-z0-9])?')
Associating user x-0 in users.jenkins.io with email cesarac66@hotmail.com to git GitProvider user with login -0 as emails match
Adding label jenkins.io/git-github-userid=-0 to user x-0 in users.jenkins.io
WARNING: Failed to enrich commit 47b339648280d9d0eeeb58b0743d4d1037321b1d with issues: User.jenkins.io "x-0" is invalid: metadata.labels: Invalid value: "-0": a valid label must be an empty string or consist of alphanumeric characters, '-', '_' or '.', and must start and end with an alphanumeric character (e.g. 'MyValue',  or 'my_value',  or '12345', regex used for validation is '(([A-Za-z0-9][-A-Za-z0-9_.]*)?[A-Za-z0-9])?')
Finding issues in commit messages using git format
WARNING: No release found for beethub/beet and tag v0.0.8 so creating a new release
Updated the release information at https://github.com/beethub/beet/releases/tag/v0.0.8
generated: /workspace/source/charts/beet/templates/release.yaml
Created Release beet-0-0-8 resource in namespace **
Updating PipelineActivity beethub-beet-master-10 with version 0.0.8
Updated PipelineActivities beethub-beet-master-10 with release notes URL: https://github.com/beethub/beet/releases/tag/v0.0.8

Showing logs for build [32mbeethub-beet-master-release-mwjtf-10[0m stage [32mfrom-build-pack[0m and container [32mstep-promote-helm-release[0m
WARNING: No $CHART_REPOSITORY defined so using the default value of: http://jenkins-x-chartmuseum:8080
Adding missing Helm repo: storage.googleapis.com https://storage.googleapis.com/chartmuseum.jenkins-x.io
Successfully added Helm repository storage.googleapis.com.
Adding missing Helm repo: jenkins-x-chartmuseum http://jenkins-x-chartmuseum:8080
Successfully added Helm repository jenkins-x-chartmuseum.
WARNING: No $CHART_REPOSITORY defined so using the default value of: http://jenkins-x-chartmuseum:8080
Uploading chart file beet-0.0.8.tgz to http://jenkins-x-chartmuseum:8080/api/charts
Received 201 response: {"saved":true}

Showing logs for build [32mbeethub-beet-master-release-mwjtf-10[0m stage [32mfrom-build-pack[0m and container [32mstep-promote-jx-promote[0m
WARNING: prow based install so skip waiting for the merge of Pull Requests to go green as currently there is an issue with gettingstatuses from the PR, see https://github.com/jenkins-x/**/issues/2410
WARNING: No $CHART_REPOSITORY defined so using the default value of: http://jenkins-x-chartmuseum:8080
Promoting app beet version 0.0.8 to namespace **-staging
WARNING: 
Created Pull Request: https://github.com/beethub/environment-beet-k8s-1-staging/pull/17
Added label updatebot to Pull Request https://github.com/beethub/environment-beet-k8s-1-staging/pull/17
got git provider status pending from PR https://github.com/beethub/environment-beet-k8s-1-staging/pull/17
got git provider status pending from PR https://github.com/beethub/environment-beet-k8s-1-staging/pull/17
got git provider status pending from PR https://github.com/beethub/environment-beet-k8s-1-staging/pull/17
got git provider status pending from PR https://github.com/beethub/environment-beet-k8s-1-staging/pull/17
got git provider status pending from PR https://github.com/beethub/environment-beet-k8s-1-staging/pull/17
got git provider status pending from PR https://github.com/beethub/environment-beet-k8s-1-staging/pull/17
Pull Request https://github.com/beethub/environment-beet-k8s-1-staging/pull/17 is merged at sha bf3ed4a60377b661cda2eb05593665f9eae3e3fd
Pull Request merged but we are not waiting for the update pipeline to complete!
