
Showing logs for build [32mbeethub-beet-master-release-tr629-11[0m stage [32mfrom-build-pack[0m and container [32mstep-credential-initializer-4w2wd[0m
{"level":"warn","ts":1587322571.877756,"logger":"fallback-logger","caller":"logging/config.go:69","msg":"Fetch GitHub commit ID from kodata failed: \"ref: refs/heads/0.8.0-**-support-backwards-incompats\" is not a valid GitHub commit ID"}
{"level":"info","ts":1587322571.8799725,"logger":"fallback-logger","caller":"creds-init/main.go:40","msg":"Credentials initialized."}

Showing logs for build [32mbeethub-beet-master-release-tr629-11[0m stage [32mfrom-build-pack[0m and container [32mstep-working-dir-initializer-j9tq7[0m
{"level":"warn","ts":1587322572.4188535,"logger":"fallback-logger","caller":"logging/config.go:69","msg":"Fetch GitHub commit ID from kodata failed: open /var/run/ko/HEAD: no such file or directory"}
{"level":"info","ts":1587322572.4224124,"logger":"fallback-logger","caller":"bash/main.go:64","msg":"Successfully executed command \"sh -c mkdir -p /workspace/source\"; output "}

Showing logs for build [32mbeethub-beet-master-release-tr629-11[0m stage [32mfrom-build-pack[0m and container [32mstep-place-tools[0m

Showing logs for build [32mbeethub-beet-master-release-tr629-11[0m stage [32mfrom-build-pack[0m and container [32mstep-git-source-beethub-beet-master-release-tr629-l9wwl[0m
{"level":"warn","ts":1587322579.6130178,"logger":"fallback-logger","caller":"logging/config.go:69","msg":"Fetch GitHub commit ID from kodata failed: \"ref: refs/heads/0.8.0-**-support-backwards-incompats\" is not a valid GitHub commit ID"}
{"level":"info","ts":1587322579.956099,"logger":"fallback-logger","caller":"git/git.go:103","msg":"Successfully cloned https://github.com/beethub/beet.git @ v0.0.9 in path /workspace/source"}

Showing logs for build [32mbeethub-beet-master-release-tr629-11[0m stage [32mfrom-build-pack[0m and container [32mstep-git-merge[0m
Using SHAs from PULL_REFS=master:41698193ef3fa24031ed3738054f88a08d19b8a3
WARNING: no SHAs to merge, falling back to initial cloned commit

Showing logs for build [32mbeethub-beet-master-release-tr629-11[0m stage [32mfrom-build-pack[0m and container [32mstep-setup-jx-git-credentials[0m
Generated Git credentials file /workspace/xdg_config/git/credentials

Showing logs for build [32mbeethub-beet-master-release-tr629-11[0m stage [32mfrom-build-pack[0m and container [32mstep-build-npmrc[0m
Command "credential" is deprecated, it will be removed on Jun 1 2020.  This is replaced by Tekton's mounted secrets
WARNING: failed to find Secret npm-token in namespace **

Showing logs for build [32mbeethub-beet-master-release-tr629-11[0m stage [32mfrom-build-pack[0m and container [32mstep-build-npm-install[0m

> core-js@2.6.11 postinstall /workspace/source/node_modules/babel-runtime/node_modules/core-js
> node -e "try{require('./postinstall')}catch(e){}"


> core-js@3.6.4 postinstall /workspace/source/node_modules/core-js
> node -e "try{require('./postinstall')}catch(e){}"


> core-js-pure@3.6.4 postinstall /workspace/source/node_modules/core-js-pure
> node -e "try{require('./postinstall')}catch(e){}"

npm WARN optional SKIPPING OPTIONAL DEPENDENCY: fsevents@1.2.12 (node_modules/webpack-dev-server/node_modules/fsevents):
npm WARN notsup SKIPPING OPTIONAL DEPENDENCY: Unsupported platform for fsevents@1.2.12: wanted {"os":"darwin","arch":"any"} (current: {"os":"linux","arch":"x64"})
npm WARN optional SKIPPING OPTIONAL DEPENDENCY: fsevents@1.2.12 (node_modules/watchpack/node_modules/fsevents):
npm WARN notsup SKIPPING OPTIONAL DEPENDENCY: Unsupported platform for fsevents@1.2.12: wanted {"os":"darwin","arch":"any"} (current: {"os":"linux","arch":"x64"})
npm WARN optional SKIPPING OPTIONAL DEPENDENCY: fsevents@1.2.12 (node_modules/jest-haste-map/node_modules/fsevents):
npm WARN notsup SKIPPING OPTIONAL DEPENDENCY: Unsupported platform for fsevents@1.2.12: wanted {"os":"darwin","arch":"any"} (current: {"os":"linux","arch":"x64"})
npm WARN optional SKIPPING OPTIONAL DEPENDENCY: fsevents@2.1.2 (node_modules/fsevents):
npm WARN notsup SKIPPING OPTIONAL DEPENDENCY: Unsupported platform for fsevents@2.1.2: wanted {"os":"darwin","arch":"any"} (current: {"os":"linux","arch":"x64"})

added 1688 packages from 852 contributors and audited 920860 packages in 63.859s
found 0 vulnerabilities


Showing logs for build [32mbeethub-beet-master-release-tr629-11[0m stage [32mfrom-build-pack[0m and container [32mstep-build-npm-test[0m

> beet@0.0.1 test /workspace/source
> react-scripts test

PASS src/App.test.tsx
  ✓ renders without crashing (1155ms)

Test Suites: 1 passed, 1 total
Tests:       1 passed, 1 total
Snapshots:   0 total
Time:        5.547s
Ran all test suites.

Showing logs for build [32mbeethub-beet-master-release-tr629-11[0m stage [32mfrom-build-pack[0m and container [32mstep-build-ui-build[0m

> beet@0.0.1 build /workspace/source
> react-scripts build

Creating an optimized production build...
Compiled successfully.

File sizes after gzip:

  129.87 KB  build/static/js/51.2d44faae.chunk.js
  24.98 KB   build/static/js/93.3e8b80c4.chunk.js
  24.12 KB   build/static/js/4.6e9098ca.chunk.js
  11.67 KB   build/static/js/53.f647a0dd.chunk.js
  10.71 KB   build/static/js/59.9d5bbf7a.chunk.js
  10.71 KB   build/static/js/60.a2b52b28.chunk.js
  10.19 KB   build/static/js/55.defff8cd.chunk.js
  10.19 KB   build/static/js/56.b3cbab46.chunk.js
  7.46 KB    build/static/js/77.db974178.chunk.js
  7.45 KB    build/static/js/76.478c4b60.chunk.js
  6.37 KB    build/static/js/64.a2ab79d8.chunk.js
  6.36 KB    build/static/js/63.ccf68d2c.chunk.js
  6.28 KB    build/static/js/61.c95749fb.chunk.js
  6.28 KB    build/static/js/62.f80f4e49.chunk.js
  6.02 KB    build/static/js/54.a34098ec.chunk.js
  5.73 KB    build/static/js/90.49b70b2f.chunk.js
  5.73 KB    build/static/js/91.0cec8012.chunk.js
  5.37 KB    build/static/js/78.40452cb8.chunk.js
  5.37 KB    build/static/js/79.d5f83093.chunk.js
  5.36 KB    build/static/js/86.0469079f.chunk.js
  5.36 KB    build/static/js/85.72cc1ad7.chunk.js
  4.96 KB    build/static/js/73.3d09cd80.chunk.js
  4.96 KB    build/static/js/72.b51030b5.chunk.js
  4.7 KB     build/static/js/82.694e6b19.chunk.js
  4.69 KB    build/static/js/69.03cab7f9.chunk.js
  4.54 KB    build/static/js/81.9f897f5f.chunk.js
  4.54 KB    build/static/js/80.005a0965.chunk.js
  4.51 KB    build/static/js/83.9bf0edd1.chunk.js
  4.51 KB    build/static/js/84.a199f0e8.chunk.js
  4.36 KB    build/static/js/74.9e534fc8.chunk.js
  4.36 KB    build/static/js/75.6718c124.chunk.js
  4.28 KB    build/static/js/57.d87a7dcc.chunk.js
  4.28 KB    build/static/js/58.5c6b5a38.chunk.js
  4.08 KB    build/static/js/66.0f763059.chunk.js
  4.08 KB    build/static/js/65.fa6a3421.chunk.js
  4.07 KB    build/static/js/stencil-ion-fab_3-ios-entry-js.5ee7fd12.chunk.js
  4.07 KB    build/static/js/stencil-ion-fab_3-md-entry-js.0d368aae.chunk.js
  4.02 KB    build/static/js/70.14963240.chunk.js
  4.02 KB    build/static/js/71.ad45bba6.chunk.js
  3.98 KB    build/static/js/87.a97d69be.chunk.js
  3.98 KB    build/static/js/88.8b98015f.chunk.js
  3.72 KB    build/static/js/stencil-ion-tab-bar_2-ios-entry-js.83e2fc73.chunk.js
  3.72 KB    build/static/js/stencil-ion-tab-bar_2-md-entry-js.545ef8ce.chunk.js
  3.67 KB    build/static/css/51.f6437998.chunk.css
  3.58 KB    build/static/js/68.00bd1c3a.chunk.js
  3.56 KB    build/static/js/stencil-ion-popover-ios-entry-js.7be5a7a1.chunk.js
  3.55 KB    build/static/js/stencil-ion-popover-md-entry-js.8b1eaeb1.chunk.js
  3.41 KB    build/static/js/stencil-ion-input-ios-entry-js.08c4c96e.chunk.js
  3.41 KB    build/static/js/stencil-ion-input-md-entry-js.9d02b0ba.chunk.js
  3.21 KB    build/static/js/stencil-ion-virtual-scroll-entry-js.9ed1e3ca.chunk.js
  3.09 KB    build/static/js/stencil-ion-toggle-ios-entry-js.48f941ed.chunk.js
  3.09 KB    build/static/js/stencil-ion-toggle-md-entry-js.eb0fe25e.chunk.js
  2.96 KB    build/static/js/stencil-ion-loading-ios-entry-js.5f7ccb88.chunk.js
  2.96 KB    build/static/js/stencil-ion-loading-md-entry-js.9aea3f7e.chunk.js
  2.84 KB    build/static/js/runtime-main.b223abcd.js
  2.82 KB    build/static/js/stencil-ion-back-button-ios-entry-js.e69b9012.chunk.js
  2.82 KB    build/static/js/stencil-ion-back-button-md-entry-js.c72bafc7.chunk.js
  2.74 KB    build/static/js/stencil-ion-textarea-ios-entry-js.a9b9e3b6.chunk.js
  2.74 KB    build/static/js/stencil-ion-textarea-md-entry-js.51c006c8.chunk.js
  2.58 KB    build/static/js/52.bb742f4e.chunk.js
  2.58 KB    build/static/js/stencil-ion-card_5-ios-entry-js.bb44891a.chunk.js
  2.58 KB    build/static/js/stencil-ion-card_5-md-entry-js.1432f5ca.chunk.js
  2.58 KB    build/static/js/stencil-ion-radio_2-ios-entry-js.332b550d.chunk.js
  2.58 KB    build/static/js/stencil-ion-radio_2-md-entry-js.a818b9cd.chunk.js
  2.37 KB    build/static/js/stencil-ion-progress-bar-ios-entry-js.d8dba41c.chunk.js
  2.37 KB    build/static/js/stencil-ion-progress-bar-md-entry-js.44ea9e00.chunk.js
  2.33 KB    build/static/js/stencil-ion-reorder_2-ios-entry-js.38909c81.chunk.js
  2.33 KB    build/static/js/stencil-ion-reorder_2-md-entry-js.13e5d986.chunk.js
  2.32 KB    build/static/js/stencil-ion-checkbox-md-entry-js.b84ef8af.chunk.js
  2.32 KB    build/static/js/stencil-ion-checkbox-ios-entry-js.d081179c.chunk.js
  2.28 KB    build/static/js/stencil-ion-infinite-scroll_2-ios-entry-js.964ebbea.chunk.js
  2.28 KB    build/static/js/stencil-ion-infinite-scroll_2-md-entry-js.01539f4c.chunk.js
  2.15 KB    build/static/js/stencil-ion-spinner-entry-js.5664d334.chunk.js
  2.13 KB    build/static/js/main.9e1c062c.chunk.js
  2.1 KB     build/static/js/95.a8a297e4.chunk.js
  2.09 KB    build/static/js/92.e492fe59.chunk.js
  2.01 KB    build/static/js/stencil-ion-tab_2-entry-js.737229c5.chunk.js
  1.92 KB    build/static/js/2.20ae5a60.chunk.js
  1.79 KB    build/static/js/stencil-ion-col_3-entry-js.33df43d9.chunk.js
  1.67 KB    build/static/js/stencil-ion-chip-ios-entry-js.dd21666b.chunk.js
  1.67 KB    build/static/js/stencil-ion-chip-md-entry-js.3481c10b.chunk.js
  1.67 KB    build/static/js/94.1f2f25d2.chunk.js
  1.43 KB    build/static/js/stencil-ion-split-pane-ios-entry-js.748336ba.chunk.js
  1.42 KB    build/static/js/stencil-ion-split-pane-md-entry-js.1724db3e.chunk.js
  1.39 KB    build/static/js/stencil-ion-avatar_3-ios-entry-js.ba368708.chunk.js
  1.39 KB    build/static/js/stencil-ion-avatar_3-md-entry-js.ff0ae872.chunk.js
  1.24 KB    build/static/js/stencil-ion-ripple-effect-entry-js.9f0c556a.chunk.js
  1.1 KB     build/static/css/main.93e823cb.chunk.css
  954 B      build/static/js/5.7c41f746.chunk.js
  822 B      build/static/js/stencil-ion-text-entry-js.d557a7d5.chunk.js
  796 B      build/static/js/stencil-ion-backdrop-ios-entry-js.ea147d80.chunk.js
  796 B      build/static/js/stencil-ion-backdrop-md-entry-js.8b43ae13.chunk.js
  725 B      build/static/js/stencil-ion-img-entry-js.2deb032c.chunk.js
  565 B      build/static/js/89.646de552.chunk.js
  502 B      build/static/css/52.fffe9c78.chunk.css
  500 B      build/static/js/67.d73600b6.chunk.js
  472 B      build/static/js/1.66b7318c.chunk.js
  460 B      build/static/js/0.8fa6fcc5.chunk.js
  342 B      build/static/js/3.cdce69f5.chunk.js

The project was built assuming it is hosted at /.
You can control this with the homepage field in your package.json.

The build folder is ready to be deployed.
You may serve it with a static server:

  npm install -g serve
  serve -s build

Find out more about deployment here:

  bit.ly/CRA-deploy


Showing logs for build [32mbeethub-beet-master-release-tr629-11[0m stage [32mfrom-build-pack[0m and container [32mstep-build-container-build[0m
[36mINFO[0m[0000] Downloading base image nginx:stable-alpine   
[36mINFO[0m[0000] Error while retrieving image from cache: getting file info: stat /workspace/sha256:0dfc8450deb8c7f06fbaac27e453ac3262df7d3a93639c4e2f48ee39434ec017: no such file or directory 
[36mINFO[0m[0000] Downloading base image nginx:stable-alpine   
[36mINFO[0m[0000] Checking for cached layer docker.io/todo/cache:8a63ea816ef5402b758e67007c46529f2bb21402b663d14ecb4f9c3528d1ec36... 
[36mINFO[0m[0001] No cached layer found for cmd RUN apk add --no-cache bash 
[36mINFO[0m[0001] Unpacking rootfs as cmd RUN apk add --no-cache bash requires it. 
[36mINFO[0m[0002] Taking snapshot of full filesystem...        
[36mINFO[0m[0003] RUN apk add --no-cache bash                  
[36mINFO[0m[0003] cmd: /bin/sh                                 
[36mINFO[0m[0003] args: [-c apk add --no-cache bash]           
fetch http://dl-cdn.alpinelinux.org/alpine/v3.10/main/x86_64/APKINDEX.tar.gz
fetch http://dl-cdn.alpinelinux.org/alpine/v3.10/community/x86_64/APKINDEX.tar.gz
(1/2) Installing readline (8.0.0-r0)
(2/2) Installing bash (5.0.0-r0)
Executing bash-5.0.0-r0.post-install
Executing busybox-1.30.1-r3.trigger
OK: 30 MiB in 39 packages
[36mINFO[0m[0003] Taking snapshot of full filesystem...        
[36mINFO[0m[0004] RUN rm -rf /etc/nginx/conf.d                 
[36mINFO[0m[0004] cmd: /bin/sh                                 
[36mINFO[0m[0004] args: [-c rm -rf /etc/nginx/conf.d]          
[36mINFO[0m[0004] Taking snapshot of full filesystem...        
[36mINFO[0m[0004] Pushing layer docker.io/todo/cache:8a63ea816ef5402b758e67007c46529f2bb21402b663d14ecb4f9c3528d1ec36 to cache now 
[36mINFO[0m[0004] Adding whiteout for /etc/nginx/conf.d        
[36mINFO[0m[0005] Using files from context: [/workspace/source/conf] 
[36mINFO[0m[0005] Pushing layer docker.io/todo/cache:3a99cd3dc723afa2de5b04eeaf203d405288b2ef273431baf6b6582f4b4616be to cache now 
[36mINFO[0m[0005] COPY conf /etc/nginx                         
[36mINFO[0m[0005] Taking snapshot of files...                  
[36mINFO[0m[0005] Using files from context: [/workspace/source/build] 
[36mINFO[0m[0005] COPY /build /usr/share/nginx/html            
[36mINFO[0m[0005] Taking snapshot of files...                  
[36mINFO[0m[0005] EXPOSE 80                                    
[36mINFO[0m[0005] cmd: EXPOSE                                  
[36mINFO[0m[0005] Adding exposed port: 80/tcp                  
[36mINFO[0m[0005] No files changed in this command, skipping snapshotting. 
[36mINFO[0m[0005] WORKDIR /usr/share/nginx/html                
[36mINFO[0m[0005] cmd: workdir                                 
[36mINFO[0m[0005] Changed working directory to /usr/share/nginx/html 
[36mINFO[0m[0005] No files changed in this command, skipping snapshotting. 
[36mINFO[0m[0005] Using files from context: [/workspace/source/env.sh] 
[36mINFO[0m[0005] COPY ./env.sh .                              
[36mINFO[0m[0005] Taking snapshot of files...                  
[36mINFO[0m[0005] Using files from context: [/workspace/source/.env] 
[36mINFO[0m[0005] COPY .env .                                  
[36mINFO[0m[0005] Taking snapshot of files...                  
[36mINFO[0m[0005] RUN chmod +x env.sh                          
[36mINFO[0m[0005] cmd: /bin/sh                                 
[36mINFO[0m[0005] args: [-c chmod +x env.sh]                   
[36mINFO[0m[0005] Taking snapshot of full filesystem...        
[36mINFO[0m[0006] No files were changed, appending empty layer to config. No layer added to image. 
[36mINFO[0m[0006] CMD ["/bin/bash", "-c", "/usr/share/nginx/html/env.sh && nginx -g \"daemon off;\""] 
[36mINFO[0m[0006] No files changed in this command, skipping snapshotting. 
[36mINFO[0m[0006] Pushing layer docker.io/todo/cache:3f3c8c2cd9bbf5aaacef84f01767fbebb09f7ee13810fc4b73db009764edd906 to cache now 
[33mWARN[0m[0006] error uploading layer to cache: failed to push to destination index.docker.io/todo/cache:8a63ea816ef5402b758e67007c46529f2bb21402b663d14ecb4f9c3528d1ec36: unsupported status code 401; body:  
2020/04/19 18:59:43 existing blob: sha256:d9176111d0efc5ddb68011b69dac0b695830915fadb15e3ab888bbdbc8adcb51
2020/04/19 18:59:43 existing blob: sha256:4167d3e149762ea326c26fc2fd4e36fdeb7d4e639408ad30f37b8f25ac285a98
2020/04/19 18:59:44 pushed blob: sha256:e2d8ef081fe924c6ea17e5c54e964cb75daf18a00aa1692774e11a03179b5218
2020/04/19 18:59:44 pushed blob: sha256:8290be29c73de71578d5439a9021b039ba29f654846c7c87d22eb9ded2c5b039
2020/04/19 18:59:44 pushed blob: sha256:74aa1bed4762d9ec7e4f8258a6609a95825e078b589ee9e49392f3ac219c4618
2020/04/19 18:59:44 pushed blob: sha256:95e50b3a99f46e0322b0370c915ac1b5795562e0fc106a9f5400091fcdfe150f
2020/04/19 18:59:44 pushed blob: sha256:6e8eeb11270105271c42cdbbc354ac1d5f9af562fdefd702052c4427d0fb5ddd
2020/04/19 18:59:44 pushed blob: sha256:99820e5260ca5784e024eaf854042c6488e2905a9c57c22e527f7e01cedaf8f6
2020/04/19 18:59:48 pushed blob: sha256:315871cdaf5d3e754ea0bf9d3318112d5e767bb73c4c652400341592a9d9d5a2
2020/04/19 18:59:48 index.docker.io/beethub/beet:0.0.9: digest: sha256:f1c381dd771463df96c9400f3d9275f5b0ad1ef480030face5d84313d933d89a size: 1559

Showing logs for build [32mbeethub-beet-master-release-tr629-11[0m stage [32mfrom-build-pack[0m and container [32mstep-build-post-build[0m
no CVE provider running in the current ** namespace so skip adding image to be analysed

Showing logs for build [32mbeethub-beet-master-release-tr629-11[0m stage [32mfrom-build-pack[0m and container [32mstep-promote-changelog[0m
Converted /workspace/source/charts/beet to an unshallow repository
Generating change log from git ref 71e1c3fff50b3f3ecd5c37fcdb9ce9228016e1bf => 1bcc9548a823dc000cec639ee742c90985485d62
Associating user x-0 in users.jenkins.io with email cesarac66@hotmail.com to git GitProvider user with login -0 as emails match
Adding label jenkins.io/git-github-userid=-0 to user x-0 in users.jenkins.io
WARNING: Failed to enrich commit 41698193ef3fa24031ed3738054f88a08d19b8a3 with issues: User.jenkins.io "x-0" is invalid: metadata.labels: Invalid value: "-0": a valid label must be an empty string or consist of alphanumeric characters, '-', '_' or '.', and must start and end with an alphanumeric character (e.g. 'MyValue',  or 'my_value',  or '12345', regex used for validation is '(([A-Za-z0-9][-A-Za-z0-9_.]*)?[A-Za-z0-9])?')
Associating user x-0 in users.jenkins.io with email cesarac66@hotmail.com to git GitProvider user with login -0 as emails match
Adding label jenkins.io/git-github-userid=-0 to user x-0 in users.jenkins.io
WARNING: Failed to enrich commit 41698193ef3fa24031ed3738054f88a08d19b8a3 with issues: User.jenkins.io "x-0" is invalid: metadata.labels: Invalid value: "-0": a valid label must be an empty string or consist of alphanumeric characters, '-', '_' or '.', and must start and end with an alphanumeric character (e.g. 'MyValue',  or 'my_value',  or '12345', regex used for validation is '(([A-Za-z0-9][-A-Za-z0-9_.]*)?[A-Za-z0-9])?')
Finding issues in commit messages using git format
WARNING: No release found for beethub/beet and tag v0.0.9 so creating a new release
Updated the release information at https://github.com/beethub/beet/releases/tag/v0.0.9
generated: /workspace/source/charts/beet/templates/release.yaml
Created Release beet-0-0-9 resource in namespace **
Updating PipelineActivity beethub-beet-master-11 with version 0.0.9
Updated PipelineActivities beethub-beet-master-11 with release notes URL: https://github.com/beethub/beet/releases/tag/v0.0.9

Showing logs for build [32mbeethub-beet-master-release-tr629-11[0m stage [32mfrom-build-pack[0m and container [32mstep-promote-helm-release[0m
WARNING: No $CHART_REPOSITORY defined so using the default value of: http://jenkins-x-chartmuseum:8080
Adding missing Helm repo: storage.googleapis.com https://storage.googleapis.com/chartmuseum.jenkins-x.io
Successfully added Helm repository storage.googleapis.com.
Adding missing Helm repo: jenkins-x-chartmuseum http://jenkins-x-chartmuseum:8080
Successfully added Helm repository jenkins-x-chartmuseum.
WARNING: No $CHART_REPOSITORY defined so using the default value of: http://jenkins-x-chartmuseum:8080
Uploading chart file beet-0.0.9.tgz to http://jenkins-x-chartmuseum:8080/api/charts
Received 201 response: {"saved":true}

Showing logs for build [32mbeethub-beet-master-release-tr629-11[0m stage [32mfrom-build-pack[0m and container [32mstep-promote-jx-promote[0m
WARNING: prow based install so skip waiting for the merge of Pull Requests to go green as currently there is an issue with gettingstatuses from the PR, see https://github.com/jenkins-x/**/issues/2410
WARNING: No $CHART_REPOSITORY defined so using the default value of: http://jenkins-x-chartmuseum:8080
Promoting app beet version 0.0.9 to namespace **-staging
WARNING: 
Created Pull Request: https://github.com/beethub/environment-beet-k8s-1-staging/pull/18
Added label updatebot to Pull Request https://github.com/beethub/environment-beet-k8s-1-staging/pull/18
got git provider status pending from PR https://github.com/beethub/environment-beet-k8s-1-staging/pull/18
got git provider status pending from PR https://github.com/beethub/environment-beet-k8s-1-staging/pull/18
got git provider status pending from PR https://github.com/beethub/environment-beet-k8s-1-staging/pull/18
got git provider status pending from PR https://github.com/beethub/environment-beet-k8s-1-staging/pull/18
got git provider status pending from PR https://github.com/beethub/environment-beet-k8s-1-staging/pull/18
got git provider status pending from PR https://github.com/beethub/environment-beet-k8s-1-staging/pull/18
got git provider status pending from PR https://github.com/beethub/environment-beet-k8s-1-staging/pull/18
Pull Request https://github.com/beethub/environment-beet-k8s-1-staging/pull/18 is merged at sha 8e9ff3daad23d423b21ce879b6f6e726a57ab20f
Pull Request merged but we are not waiting for the update pipeline to complete!
