
Showing logs for build [32mbeethub-beet-master-release-6c94m-2[0m stage [32mfrom-build-pack[0m and container [32mstep-credential-initializer-mdh9m[0m
{"level":"info","ts":1590516528.9142606,"logger":"fallback-logger","caller":"logging/config.go:69","msg":"Fetch GitHub commit ID from kodata failed: open /var/run/ko/refs/heads/0.8.0-ns-support: no such file or directory"}
{"level":"info","ts":1590516528.9146605,"logger":"fallback-logger","caller":"creds-init/main.go:40","msg":"Credentials initialized."}

Showing logs for build [32mbeethub-beet-master-release-6c94m-2[0m stage [32mfrom-build-pack[0m and container [32mstep-working-dir-initializer-hph47[0m
{"level":"info","ts":1590516529.7709115,"logger":"fallback-logger","caller":"logging/config.go:69","msg":"Fetch GitHub commit ID from kodata failed: open /var/run/ko/HEAD: no such file or directory"}
{"level":"info","ts":1590516529.7722278,"logger":"fallback-logger","caller":"bash/main.go:64","msg":"Successfully executed command \"sh -c mkdir -p /workspace/source\"; output "}

Showing logs for build [32mbeethub-beet-master-release-6c94m-2[0m stage [32mfrom-build-pack[0m and container [32mstep-place-tools[0m

Showing logs for build [32mbeethub-beet-master-release-6c94m-2[0m stage [32mfrom-build-pack[0m and container [32mstep-git-source-beethub-beet-master-release-6c94m-bvvqd[0m
{"level":"info","ts":1590516555.0044203,"logger":"fallback-logger","caller":"logging/config.go:69","msg":"Fetch GitHub commit ID from kodata failed: open /var/run/ko/refs/heads/0.8.0-ns-support: no such file or directory"}
{"level":"info","ts":1590516555.3456655,"logger":"fallback-logger","caller":"git/git.go:103","msg":"Successfully cloned https://github.com/beethub/beet.git @ v0.0.21 in path /workspace/source"}

Showing logs for build [32mbeethub-beet-master-release-6c94m-2[0m stage [32mfrom-build-pack[0m and container [32mstep-git-merge[0m
Using SHAs from PULL_REFS=master:6d4acc48413f64f4059aacbceed6b0e95e851c39
WARNING: no SHAs to merge, falling back to initial cloned commit

Showing logs for build [32mbeethub-beet-master-release-6c94m-2[0m stage [32mfrom-build-pack[0m and container [32mstep-setup-jx-git-credentials[0m
Generated Git credentials file /workspace/xdg_config/git/credentials

Showing logs for build [32mbeethub-beet-master-release-6c94m-2[0m stage [32mfrom-build-pack[0m and container [32mstep-build-npmrc[0m
Command "credential" is deprecated, it will be removed on Jun 1 2020.  This is replaced by Tekton's mounted secrets
WARNING: failed to find Secret npm-token in namespace **

Showing logs for build [32mbeethub-beet-master-release-6c94m-2[0m stage [32mfrom-build-pack[0m and container [32mstep-build-npm-install[0m

> core-js@2.6.11 postinstall /workspace/source/node_modules/babel-runtime/node_modules/core-js
> node -e "try{require('./postinstall')}catch(e)**"


> core-js@3.6.4 postinstall /workspace/source/node_modules/core-js
> node -e "try{require('./postinstall')}catch(e)**"


> core-js-pure@3.6.4 postinstall /workspace/source/node_modules/core-js-pure
> node -e "try{require('./postinstall')}catch(e)**"


> core-js@2.6.11 postinstall /workspace/source/node_modules/fbjs/node_modules/core-js
> node -e "try{require('./postinstall')}catch(e)**"

npm WARN The package @graphql-codegen/cli is included as both a dev and production dependency.
npm WARN optional SKIPPING OPTIONAL DEPENDENCY: fsevents@1.2.12 (node_modules/webpack-dev-server/node_modules/fsevents):
npm WARN notsup SKIPPING OPTIONAL DEPENDENCY: Unsupported platform for fsevents@1.2.12: wanted {"os":"darwin","arch":"any"} (current: {"os":"linux","arch":"x64"})
npm WARN optional SKIPPING OPTIONAL DEPENDENCY: fsevents@1.2.12 (node_modules/watchpack/node_modules/fsevents):
npm WARN notsup SKIPPING OPTIONAL DEPENDENCY: Unsupported platform for fsevents@1.2.12: wanted {"os":"darwin","arch":"any"} (current: {"os":"linux","arch":"x64"})
npm WARN optional SKIPPING OPTIONAL DEPENDENCY: fsevents@1.2.12 (node_modules/jest-haste-map/node_modules/fsevents):
npm WARN notsup SKIPPING OPTIONAL DEPENDENCY: Unsupported platform for fsevents@1.2.12: wanted {"os":"darwin","arch":"any"} (current: {"os":"linux","arch":"x64"})
npm WARN optional SKIPPING OPTIONAL DEPENDENCY: fsevents@2.1.2 (node_modules/fsevents):
npm WARN notsup SKIPPING OPTIONAL DEPENDENCY: Unsupported platform for fsevents@2.1.2: wanted {"os":"darwin","arch":"any"} (current: {"os":"linux","arch":"x64"})

added 1921 packages from 978 contributors and audited 2128 packages in 34.261s
found 2 vulnerabilities (1 low, 1 high)
  run `npm audit fix` to fix them, or `npm audit` for details

Showing logs for build [32mbeethub-beet-master-release-6c94m-2[0m stage [32mfrom-build-pack[0m and container [32mstep-build-npm-test[0m

> beet@0.0.1 test /workspace/source
> react-scripts test

PASS src/App.test.tsx
  ✓ renders without crashing (112ms)

Test Suites: 1 passed, 1 total
Tests:       1 passed, 1 total
Snapshots:   0 total
Time:        2.687s
Ran all test suites.

Showing logs for build [32mbeethub-beet-master-release-6c94m-2[0m stage [32mfrom-build-pack[0m and container [32mstep-build-ui-build[0m

> beet@0.0.1 build /workspace/source
> react-scripts build

Creating an optimized production build...
Compiled with warnings.

./src/pages/SettingsMenu.tsx
  Line 17:20:  'error' is assigned a value but never used  @typescript-eslint/no-unused-vars

./src/pages/ReceiptPage.tsx
  Line 37:12:  'errorMutation' is assigned a value but never used  @typescript-eslint/no-unused-vars
  Line 38:11:  'dataMutation' is assigned a value but never used   @typescript-eslint/no-unused-vars

Search for the keywords to learn more about each warning.
To ignore, add // eslint-disable-next-line to the line before.

File sizes after gzip:

  130.27 KB  build/static/js/52.f4dd2b1a.chunk.js
  27.57 KB   build/static/js/54.af73a63b.chunk.js
  24.98 KB   build/static/js/95.b02fa4f1.chunk.js
  24.11 KB   build/static/js/5.9cc962cf.chunk.js
  11.79 KB   build/static/js/0.48451494.chunk.js
  10.71 KB   build/static/js/62.7f14a8f2.chunk.js
  10.71 KB   build/static/js/63.8a86e0f0.chunk.js
  10.19 KB   build/static/js/59.963b865d.chunk.js
  10.19 KB   build/static/js/58.31359c16.chunk.js
  7.45 KB    build/static/js/78.58ee2439.chunk.js
  7.45 KB    build/static/js/79.7e5147c3.chunk.js
  6.37 KB    build/static/js/67.a75414b5.chunk.js
  6.36 KB    build/static/js/66.c3f9ea1a.chunk.js
  6.28 KB    build/static/js/65.11f363ce.chunk.js
  6.27 KB    build/static/js/64.e0d0694b.chunk.js
  6.03 KB    build/static/js/57.9f37e31b.chunk.js
  5.73 KB    build/static/js/92.b3f39302.chunk.js
  5.73 KB    build/static/js/93.0d700a89.chunk.js
  5.37 KB    build/static/js/81.b2757244.chunk.js
  5.37 KB    build/static/js/80.1fc71c9c.chunk.js
  5.36 KB    build/static/js/87.707f77db.chunk.js
  5.36 KB    build/static/js/88.ec450fb5.chunk.js
  4.96 KB    build/static/js/75.635d8e13.chunk.js
  4.96 KB    build/static/js/74.a51ea118.chunk.js
  4.7 KB     build/static/js/84.4849a526.chunk.js
  4.69 KB    build/static/js/71.2cb85d8c.chunk.js
  4.54 KB    build/static/js/82.17f3865d.chunk.js
  4.54 KB    build/static/js/83.92f9a043.chunk.js
  4.51 KB    build/static/js/85.72d889f0.chunk.js
  4.51 KB    build/static/js/86.118a3a2c.chunk.js
  4.36 KB    build/static/js/76.123b699d.chunk.js
  4.36 KB    build/static/js/77.94d85b31.chunk.js
  4.28 KB    build/static/js/61.e99c0859.chunk.js
  4.28 KB    build/static/js/60.e8ad7339.chunk.js
  4.08 KB    build/static/js/69.249a243a.chunk.js
  4.07 KB    build/static/js/68.48e60f9f.chunk.js
  4.07 KB    build/static/js/stencil-ion-fab_3-ios-entry-js.f6adecb9.chunk.js
  4.07 KB    build/static/js/stencil-ion-fab_3-md-entry-js.e8299301.chunk.js
  4.02 KB    build/static/js/73.71d6f48c.chunk.js
  4.02 KB    build/static/js/72.3daaebf8.chunk.js
  3.97 KB    build/static/js/89.d750bb03.chunk.js
  3.97 KB    build/static/js/90.29806666.chunk.js
  3.77 KB    build/static/js/53.f8ea5d17.chunk.js
  3.72 KB    build/static/js/stencil-ion-tab-bar_2-md-entry-js.ed792282.chunk.js
  3.72 KB    build/static/js/stencil-ion-tab-bar_2-ios-entry-js.acd783d4.chunk.js
  3.67 KB    build/static/css/52.f6437998.chunk.css
  3.58 KB    build/static/js/70.a0b56b38.chunk.js
  3.55 KB    build/static/js/stencil-ion-popover-ios-entry-js.9063e368.chunk.js
  3.55 KB    build/static/js/stencil-ion-popover-md-entry-js.319de0a0.chunk.js
  3.41 KB    build/static/js/stencil-ion-input-ios-entry-js.2bc1e247.chunk.js
  3.41 KB    build/static/js/stencil-ion-input-md-entry-js.2adeef48.chunk.js
  3.24 KB    build/static/js/55.8df419b0.chunk.js
  3.21 KB    build/static/js/stencil-ion-virtual-scroll-entry-js.cadfe972.chunk.js
  3.09 KB    build/static/js/stencil-ion-toggle-ios-entry-js.95348542.chunk.js
  3.09 KB    build/static/js/stencil-ion-toggle-md-entry-js.c654bcf9.chunk.js
  2.96 KB    build/static/js/stencil-ion-loading-ios-entry-js.8240a9ca.chunk.js
  2.96 KB    build/static/js/stencil-ion-loading-md-entry-js.d9a72a6b.chunk.js
  2.88 KB    build/static/js/runtime-main.c6109e87.js
  2.82 KB    build/static/js/stencil-ion-back-button-md-entry-js.a3536a3c.chunk.js
  2.81 KB    build/static/js/stencil-ion-back-button-ios-entry-js.fd6cdee8.chunk.js
  2.74 KB    build/static/js/stencil-ion-textarea-ios-entry-js.2617824f.chunk.js
  2.74 KB    build/static/js/stencil-ion-textarea-md-entry-js.a1e43e8f.chunk.js
  2.58 KB    build/static/js/stencil-ion-card_5-ios-entry-js.c4d14701.chunk.js
  2.58 KB    build/static/js/stencil-ion-card_5-md-entry-js.dab7e2a9.chunk.js
  2.58 KB    build/static/js/stencil-ion-radio_2-md-entry-js.30d841fb.chunk.js
  2.58 KB    build/static/js/stencil-ion-radio_2-ios-entry-js.e97db9bc.chunk.js
  2.52 KB    build/static/js/main.23d15237.chunk.js
  2.37 KB    build/static/js/stencil-ion-progress-bar-ios-entry-js.151b919e.chunk.js
  2.37 KB    build/static/js/stencil-ion-progress-bar-md-entry-js.5b320d6d.chunk.js
  2.33 KB    build/static/js/stencil-ion-reorder_2-md-entry-js.6361b8d2.chunk.js
  2.33 KB    build/static/js/stencil-ion-reorder_2-ios-entry-js.1e4f42ba.chunk.js
  2.32 KB    build/static/js/stencil-ion-checkbox-md-entry-js.67b7787e.chunk.js
  2.32 KB    build/static/js/stencil-ion-checkbox-ios-entry-js.55ed9fbf.chunk.js
  2.28 KB    build/static/js/stencil-ion-infinite-scroll_2-ios-entry-js.c0c7d892.chunk.js
  2.28 KB    build/static/js/stencil-ion-infinite-scroll_2-md-entry-js.1beb0f72.chunk.js
  2.15 KB    build/static/js/stencil-ion-spinner-entry-js.46475fd8.chunk.js
  2.1 KB     build/static/js/97.43e616f1.chunk.js
  2.09 KB    build/static/js/94.c65ba9f1.chunk.js
  2.01 KB    build/static/js/stencil-ion-tab_2-entry-js.5087bae7.chunk.js
  1.92 KB    build/static/js/3.6a9597fa.chunk.js
  1.79 KB    build/static/js/stencil-ion-col_3-entry-js.fbfa95ce.chunk.js
  1.7 KB     build/static/js/56.3c2aabea.chunk.js
  1.68 KB    build/static/js/stencil-ion-chip-ios-entry-js.a65975ac.chunk.js
  1.68 KB    build/static/js/stencil-ion-chip-md-entry-js.58089142.chunk.js
  1.67 KB    build/static/js/96.bfb314ad.chunk.js
  1.42 KB    build/static/js/stencil-ion-split-pane-ios-entry-js.9a3aef40.chunk.js
  1.42 KB    build/static/js/stencil-ion-split-pane-md-entry-js.dbc4dff8.chunk.js
  1.39 KB    build/static/js/stencil-ion-avatar_3-md-entry-js.b65f43fb.chunk.js
  1.39 KB    build/static/js/stencil-ion-avatar_3-ios-entry-js.0f1be1d7.chunk.js
  1.24 KB    build/static/js/stencil-ion-ripple-effect-entry-js.c56e51b1.chunk.js
  1.1 KB     build/static/css/main.4bd47c98.chunk.css
  954 B      build/static/js/6.9af2df87.chunk.js
  823 B      build/static/js/stencil-ion-text-entry-js.ed7871de.chunk.js
  800 B      build/static/js/stencil-ion-backdrop-md-entry-js.7d96d402.chunk.js
  798 B      build/static/js/stencil-ion-backdrop-ios-entry-js.b625e76f.chunk.js
  726 B      build/static/js/stencil-ion-img-entry-js.a869317e.chunk.js
  588 B      build/static/css/53.87bd49b1.chunk.css
  566 B      build/static/js/91.c1986474.chunk.js
  470 B      build/static/js/2.44304e52.chunk.js
  460 B      build/static/js/1.f2c7bfc4.chunk.js
  343 B      build/static/js/4.4b9bd84e.chunk.js
  198 B      build/static/css/55.77d0df55.chunk.css
  133 B      build/static/css/56.2f729fa0.chunk.css

The project was built assuming it is hosted at /.
You can control this with the homepage field in your package.json.

The build folder is ready to be deployed.
You may serve it with a static server:

  npm install -g serve
  serve -s build

Find out more about deployment here:

  bit.ly/CRA-deploy


Showing logs for build [32mbeethub-beet-master-release-6c94m-2[0m stage [32mfrom-build-pack[0m and container [32mstep-build-container-build[0m
E0526 18:11:06.658452       9 aws_credentials.go:77] while getting AWS credentials NoCredentialProviders: no valid providers in chain. Deprecated.
	For verbose messaging see aws.Config.CredentialsChainVerboseErrors
error checking push permissions -- make sure you entered the correct tag name, and that you are authenticated correctly, and try again: checking push permission for "docker.io/beethub/beet:0.0.21": POST https://index.docker.io/v2/beethub/beet/blobs/uploads/: UNAUTHORIZED: authentication required; [map[Action:pull Class: Name:beethub/beet Type:repository] map[Action:push Class: Name:beethub/beet Type:repository]]
[31m
Pipeline failed on stage 'from-build-pack' : container 'step-build-container-build'. The execution of the pipeline has stopped.[0m
