
Showing logs for build [32mbeethub-beet-master-release-bmrsg-3[0m stage [32mfrom-build-pack[0m and container [32mstep-credential-initializer-njscv[0m
{"level":"info","ts":1590517357.7269526,"logger":"fallback-logger","caller":"logging/config.go:69","msg":"Fetch GitHub commit ID from kodata failed: open /var/run/ko/refs/heads/0.8.0-ns-support: no such file or directory"}
{"level":"info","ts":1590517357.729286,"logger":"fallback-logger","caller":"creds-init/main.go:40","msg":"Credentials initialized."}

Showing logs for build [32mbeethub-beet-master-release-bmrsg-3[0m stage [32mfrom-build-pack[0m and container [32mstep-working-dir-initializer-xd6jq[0m
{"level":"info","ts":1590517358.059299,"logger":"fallback-logger","caller":"logging/config.go:69","msg":"Fetch GitHub commit ID from kodata failed: open /var/run/ko/HEAD: no such file or directory"}
{"level":"info","ts":1590517358.0627525,"logger":"fallback-logger","caller":"bash/main.go:64","msg":"Successfully executed command \"sh -c mkdir -p /workspace/source\"; output "}

Showing logs for build [32mbeethub-beet-master-release-bmrsg-3[0m stage [32mfrom-build-pack[0m and container [32mstep-place-tools[0m

Showing logs for build [32mbeethub-beet-master-release-bmrsg-3[0m stage [32mfrom-build-pack[0m and container [32mstep-git-source-beethub-beet-master-release-bmrsg-md6f5[0m
{"level":"info","ts":1590517365.2004695,"logger":"fallback-logger","caller":"logging/config.go:69","msg":"Fetch GitHub commit ID from kodata failed: open /var/run/ko/refs/heads/0.8.0-ns-support: no such file or directory"}
{"level":"info","ts":1590517365.5220554,"logger":"fallback-logger","caller":"git/git.go:103","msg":"Successfully cloned https://github.com/beethub/beet.git @ v0.0.22 in path /workspace/source"}

Showing logs for build [32mbeethub-beet-master-release-bmrsg-3[0m stage [32mfrom-build-pack[0m and container [32mstep-git-merge[0m
Using SHAs from PULL_REFS=master:17141b423e93acae18f44cb41b284b228f6486ee
WARNING: no SHAs to merge, falling back to initial cloned commit

Showing logs for build [32mbeethub-beet-master-release-bmrsg-3[0m stage [32mfrom-build-pack[0m and container [32mstep-setup-jx-git-credentials[0m
Generated Git credentials file /workspace/xdg_config/git/credentials

Showing logs for build [32mbeethub-beet-master-release-bmrsg-3[0m stage [32mfrom-build-pack[0m and container [32mstep-build-npmrc[0m
Command "credential" is deprecated, it will be removed on Jun 1 2020.  This is replaced by Tekton's mounted secrets
WARNING: failed to find Secret npm-token in namespace **

Showing logs for build [32mbeethub-beet-master-release-bmrsg-3[0m stage [32mfrom-build-pack[0m and container [32mstep-build-npm-install[0m

> core-js@2.6.11 postinstall /workspace/source/node_modules/babel-runtime/node_modules/core-js
> node -e "try{require('./postinstall')}catch(e){}"


> core-js@3.6.4 postinstall /workspace/source/node_modules/core-js
> node -e "try{require('./postinstall')}catch(e){}"


> core-js-pure@3.6.4 postinstall /workspace/source/node_modules/core-js-pure
> node -e "try{require('./postinstall')}catch(e){}"


> core-js@2.6.11 postinstall /workspace/source/node_modules/fbjs/node_modules/core-js
> node -e "try{require('./postinstall')}catch(e){}"

npm WARN The package @graphql-codegen/cli is included as both a dev and production dependency.
npm WARN optional SKIPPING OPTIONAL DEPENDENCY: fsevents@1.2.12 (node_modules/webpack-dev-server/node_modules/fsevents):
npm WARN notsup SKIPPING OPTIONAL DEPENDENCY: Unsupported platform for fsevents@1.2.12: wanted {"os":"darwin","arch":"any"} (current: {"os":"linux","arch":"x64"})
npm WARN optional SKIPPING OPTIONAL DEPENDENCY: fsevents@1.2.12 (node_modules/watchpack/node_modules/fsevents):
npm WARN notsup SKIPPING OPTIONAL DEPENDENCY: Unsupported platform for fsevents@1.2.12: wanted {"os":"darwin","arch":"any"} (current: {"os":"linux","arch":"x64"})
npm WARN optional SKIPPING OPTIONAL DEPENDENCY: fsevents@1.2.12 (node_modules/jest-haste-map/node_modules/fsevents):
npm WARN notsup SKIPPING OPTIONAL DEPENDENCY: Unsupported platform for fsevents@1.2.12: wanted {"os":"darwin","arch":"any"} (current: {"os":"linux","arch":"x64"})
npm WARN optional SKIPPING OPTIONAL DEPENDENCY: fsevents@2.1.2 (node_modules/fsevents):
npm WARN notsup SKIPPING OPTIONAL DEPENDENCY: Unsupported platform for fsevents@2.1.2: wanted {"os":"darwin","arch":"any"} (current: {"os":"linux","arch":"x64"})

added 1921 packages from 978 contributors and audited 2128 packages in 36.286s
found 2 vulnerabilities (1 low, 1 high)
  run `npm audit fix` to fix them, or `npm audit` for details

Showing logs for build [32mbeethub-beet-master-release-bmrsg-3[0m stage [32mfrom-build-pack[0m and container [32mstep-build-npm-test[0m

> beet@0.0.1 test /workspace/source
> react-scripts test

PASS src/App.test.tsx
  ✓ renders without crashing (100ms)

Test Suites: 1 passed, 1 total
Tests:       1 passed, 1 total
Snapshots:   0 total
Time:        2.803s
Ran all test suites.

Showing logs for build [32mbeethub-beet-master-release-bmrsg-3[0m stage [32mfrom-build-pack[0m and container [32mstep-build-ui-build[0m

> beet@0.0.1 build /workspace/source
> react-scripts build

Creating an optimized production build...
Failed to compile.

/workspace/source/src/components/Messages/Messages.tsx
TypeScript error in /workspace/source/src/components/Messages/Messages.tsx(12,6):
Property 'type' is missing in type '{ key: string; id: string; title: string; content: string; status: string; date: string; }' but required in type 'MessageProps'.  TS2741

    10 | const Messages : React.FC<MessagesProps> = ({ messagesList }) => {
    11 |   const items = messagesList.map(m => (
  > 12 |     <Message
       |      ^
    13 |       key={m.id}
    14 |       id={m.id}
    15 |       title={m.title}


npm ERR! code ELIFECYCLE
npm ERR! errno 1
npm ERR! beet@0.0.1 build: `react-scripts build`
npm ERR! Exit status 1
npm ERR! 
npm ERR! Failed at the beet@0.0.1 build script.
npm ERR! This is probably not a problem with npm. There is likely additional logging output above.

npm ERR! A complete log of this run can be found in:
npm ERR!     /builder/home/.npm/_logs/2020-05-26T18_24_34_703Z-debug.log
[31m
Pipeline failed on stage 'from-build-pack' : container 'step-build-ui-build'. The execution of the pipeline has stopped.[0m
