
Showing logs for build [32mbeethub-beet-master-release-bjcbf-5[0m stage [32mfrom-build-pack[0m and container [32mstep-credential-initializer-w6rvr[0m
{"level":"info","ts":1590795890.3626928,"logger":"fallback-logger","caller":"logging/config.go:69","msg":"Fetch GitHub commit ID from kodata failed: open /var/run/ko/refs/heads/0.8.0-ns-support: no such file or directory"}
{"level":"info","ts":1590795890.3631096,"logger":"fallback-logger","caller":"creds-init/main.go:40","msg":"Credentials initialized."}

Showing logs for build [32mbeethub-beet-master-release-bjcbf-5[0m stage [32mfrom-build-pack[0m and container [32mstep-working-dir-initializer-7wmd9[0m
{"level":"info","ts":1590795891.638463,"logger":"fallback-logger","caller":"logging/config.go:69","msg":"Fetch GitHub commit ID from kodata failed: open /var/run/ko/HEAD: no such file or directory"}
{"level":"info","ts":1590795891.6432502,"logger":"fallback-logger","caller":"bash/main.go:64","msg":"Successfully executed command \"sh -c mkdir -p /workspace/source\"; output "}

Showing logs for build [32mbeethub-beet-master-release-bjcbf-5[0m stage [32mfrom-build-pack[0m and container [32mstep-place-tools[0m

Showing logs for build [32mbeethub-beet-master-release-bjcbf-5[0m stage [32mfrom-build-pack[0m and container [32mstep-git-source-beethub-beet-master-release-bjcbf-9s4nm[0m
{"level":"info","ts":1590795898.7304595,"logger":"fallback-logger","caller":"logging/config.go:69","msg":"Fetch GitHub commit ID from kodata failed: open /var/run/ko/refs/heads/0.8.0-ns-support: no such file or directory"}
{"level":"info","ts":1590795899.1344607,"logger":"fallback-logger","caller":"git/git.go:103","msg":"Successfully cloned https://github.com/beethub/beet.git @ v0.0.24 in path /workspace/source"}

Showing logs for build [32mbeethub-beet-master-release-bjcbf-5[0m stage [32mfrom-build-pack[0m and container [32mstep-git-merge[0m
Using SHAs from PULL_REFS=master:6b0b6f9a43ca7e53d2275c129e2993a27de7fe30
WARNING: no SHAs to merge, falling back to initial cloned commit

Showing logs for build [32mbeethub-beet-master-release-bjcbf-5[0m stage [32mfrom-build-pack[0m and container [32mstep-setup-jx-git-credentials[0m
Generated Git credentials file /workspace/xdg_config/git/credentials

Showing logs for build [32mbeethub-beet-master-release-bjcbf-5[0m stage [32mfrom-build-pack[0m and container [32mstep-build-npmrc[0m
Command "credential" is deprecated, it will be removed on Jun 1 2020.  This is replaced by Tekton's mounted secrets
WARNING: failed to find Secret npm-token in namespace **

Showing logs for build [32mbeethub-beet-master-release-bjcbf-5[0m stage [32mfrom-build-pack[0m and container [32mstep-build-npm-install[0m

> core-js@2.6.11 postinstall /workspace/source/node_modules/babel-runtime/node_modules/core-js
> node -e "try{require('./postinstall')}catch(e){}"


> core-js@3.6.4 postinstall /workspace/source/node_modules/core-js
> node -e "try{require('./postinstall')}catch(e){}"


> core-js-pure@3.6.4 postinstall /workspace/source/node_modules/core-js-pure
> node -e "try{require('./postinstall')}catch(e){}"


> core-js@2.6.11 postinstall /workspace/source/node_modules/fbjs/node_modules/core-js
> node -e "try{require('./postinstall')}catch(e){}"

npm WARN The package @graphql-codegen/cli is included as both a dev and production dependency.
npm WARN optional SKIPPING OPTIONAL DEPENDENCY: fsevents@1.2.12 (node_modules/webpack-dev-server/node_modules/fsevents):
npm WARN notsup SKIPPING OPTIONAL DEPENDENCY: Unsupported platform for fsevents@1.2.12: wanted {"os":"darwin","arch":"any"} (current: {"os":"linux","arch":"x64"})
npm WARN optional SKIPPING OPTIONAL DEPENDENCY: fsevents@1.2.12 (node_modules/watchpack/node_modules/fsevents):
npm WARN notsup SKIPPING OPTIONAL DEPENDENCY: Unsupported platform for fsevents@1.2.12: wanted {"os":"darwin","arch":"any"} (current: {"os":"linux","arch":"x64"})
npm WARN optional SKIPPING OPTIONAL DEPENDENCY: fsevents@1.2.12 (node_modules/jest-haste-map/node_modules/fsevents):
npm WARN notsup SKIPPING OPTIONAL DEPENDENCY: Unsupported platform for fsevents@1.2.12: wanted {"os":"darwin","arch":"any"} (current: {"os":"linux","arch":"x64"})
npm WARN optional SKIPPING OPTIONAL DEPENDENCY: fsevents@2.1.2 (node_modules/fsevents):
npm WARN notsup SKIPPING OPTIONAL DEPENDENCY: Unsupported platform for fsevents@2.1.2: wanted {"os":"darwin","arch":"any"} (current: {"os":"linux","arch":"x64"})

added 1921 packages from 978 contributors and audited 2128 packages in 34.981s
found 2 vulnerabilities (1 low, 1 high)
  run `npm audit fix` to fix them, or `npm audit` for details

Showing logs for build [32mbeethub-beet-master-release-bjcbf-5[0m stage [32mfrom-build-pack[0m and container [32mstep-build-npm-test[0m

> beet@0.0.1 test /workspace/source
> react-scripts test

FAIL src/App.test.tsx
  ✕ renders without crashing (48ms)

  ● renders without crashing

    Invariant Violation: Could not find "client" in the context or passed in as an option. Wrap the root component in an <ApolloProvider>, or pass an ApolloClient instance in via options.

       7 |   options?: Apollo.QueryHookOptions<TData, TVariables>
       8 | ) => {
    >  9 |   const result = Apollo.useQuery<TData, TVariables>(query, options);
         |                         ^
      10 |   
      11 |   if(result.error){
      12 |     throw result.error;

      at new InvariantError (node_modules/ts-invariant/lib/invariant.esm.js:12:28)
      at invariant (node_modules/ts-invariant/lib/invariant.esm.js:24:15)
      at QueryData.OperationData.refreshClient (node_modules/@apollo/react-hooks/lib/react-hooks.cjs.js:62:115)
      at QueryData.execute (node_modules/@apollo/react-hooks/lib/react-hooks.cjs.js:147:10)
      at node_modules/@apollo/react-hooks/lib/react-hooks.cjs.js:522:55
      at useDeepMemo (node_modules/@apollo/react-hooks/lib/react-hooks.cjs.js:467:14)
      at useBaseQuery (node_modules/@apollo/react-hooks/lib/react-hooks.cjs.js:521:16)
      at Object.useQuery (node_modules/@apollo/react-hooks/lib/react-hooks.cjs.js:551:10)
      at Object.useQuery (src/hooks/apollo.ts:9:25)
      at useGetUnReadNotificationNumberQuery (src/generated/graphql.tsx:454:33)
      at UserContextProvider (src/context/user-context.tsx:18:20)
      at renderWithHooks (node_modules/react-dom/cjs/react-dom.development.js:14803:18)
      at mountIndeterminateComponent (node_modules/react-dom/cjs/react-dom.development.js:17482:13)
      at beginWork (node_modules/react-dom/cjs/react-dom.development.js:18596:16)
      at HTMLUnknownElement.callCallback (node_modules/react-dom/cjs/react-dom.development.js:188:14)
      at invokeEventListeners (node_modules/jsdom/lib/jsdom/living/events/EventTarget-impl.js:193:27)
      at HTMLUnknownElementImpl._dispatch (node_modules/jsdom/lib/jsdom/living/events/EventTarget-impl.js:119:9)
      at HTMLUnknownElementImpl.dispatchEvent (node_modules/jsdom/lib/jsdom/living/events/EventTarget-impl.js:82:17)
      at HTMLUnknownElementImpl.dispatchEvent (node_modules/jsdom/lib/jsdom/living/nodes/HTMLElement-impl.js:30:27)
      at HTMLUnknownElement.dispatchEvent (node_modules/jsdom/lib/jsdom/living/generated/EventTarget.js:157:21)
      at Object.invokeGuardedCallbackDev (node_modules/react-dom/cjs/react-dom.development.js:237:16)
      at invokeGuardedCallback (node_modules/react-dom/cjs/react-dom.development.js:292:31)
      at beginWork$1 (node_modules/react-dom/cjs/react-dom.development.js:23203:7)
      at performUnitOfWork (node_modules/react-dom/cjs/react-dom.development.js:22157:12)
      at workLoopSync (node_modules/react-dom/cjs/react-dom.development.js:22130:22)
      at performSyncWorkOnRoot (node_modules/react-dom/cjs/react-dom.development.js:21756:9)
      at scheduleUpdateOnFiber (node_modules/react-dom/cjs/react-dom.development.js:21188:7)
      at updateContainer (node_modules/react-dom/cjs/react-dom.development.js:24373:3)
      at node_modules/react-dom/cjs/react-dom.development.js:24758:7
      at unbatchedUpdates (node_modules/react-dom/cjs/react-dom.development.js:21903:12)
      at legacyRenderSubtreeIntoContainer (node_modules/react-dom/cjs/react-dom.development.js:24757:5)
      at Object.render (node_modules/react-dom/cjs/react-dom.development.js:24840:10)
      at node_modules/@testing-library/react/dist/pure.js:86:25
      at batchedUpdates$1 (node_modules/react-dom/cjs/react-dom.development.js:21856:12)
      at act (node_modules/react-dom/cjs/react-dom-test-utils.development.js:929:14)
      at render (node_modules/@testing-library/react/dist/pure.js:82:26)
      at Object.<anonymous>.test (src/App.test.tsx:6:27)

  console.error node_modules/jsdom/lib/jsdom/virtual-console.js:29
    Error: Uncaught [Invariant Violation: Could not find "client" in the context or passed in as an option. Wrap the root component in an <ApolloProvider>, or pass an ApolloClient instance in via options.]
        at reportException (/workspace/source/node_modules/jsdom/lib/jsdom/living/helpers/runtime-script-errors.js:66:24)
        at invokeEventListeners (/workspace/source/node_modules/jsdom/lib/jsdom/living/events/EventTarget-impl.js:209:9)
        at HTMLUnknownElementImpl._dispatch (/workspace/source/node_modules/jsdom/lib/jsdom/living/events/EventTarget-impl.js:119:9)
        at HTMLUnknownElementImpl.dispatchEvent (/workspace/source/node_modules/jsdom/lib/jsdom/living/events/EventTarget-impl.js:82:17)
        at HTMLUnknownElementImpl.dispatchEvent (/workspace/source/node_modules/jsdom/lib/jsdom/living/nodes/HTMLElement-impl.js:30:27)
        at HTMLUnknownElement.dispatchEvent (/workspace/source/node_modules/jsdom/lib/jsdom/living/generated/EventTarget.js:157:21)
        at Object.invokeGuardedCallbackDev (/workspace/source/node_modules/react-dom/cjs/react-dom.development.js:237:16)
        at invokeGuardedCallback (/workspace/source/node_modules/react-dom/cjs/react-dom.development.js:292:31)
        at beginWork$1 (/workspace/source/node_modules/react-dom/cjs/react-dom.development.js:23203:7)
        at performUnitOfWork (/workspace/source/node_modules/react-dom/cjs/react-dom.development.js:22157:12) { Invariant Violation: Could not find "client" in the context or passed in as an option. Wrap the root component in an <ApolloProvider>, or pass an ApolloClient instance in via options.
        at new InvariantError (/workspace/source/node_modules/ts-invariant/lib/invariant.esm.js:12:28)
        at invariant (/workspace/source/node_modules/ts-invariant/lib/invariant.esm.js:24:15)
        at QueryData.OperationData.refreshClient (/workspace/source/node_modules/@apollo/react-hooks/lib/react-hooks.cjs.js:62:115)
        at QueryData.execute (/workspace/source/node_modules/@apollo/react-hooks/lib/react-hooks.cjs.js:147:10)
        at /workspace/source/node_modules/@apollo/react-hooks/lib/react-hooks.cjs.js:522:55
        at useDeepMemo (/workspace/source/node_modules/@apollo/react-hooks/lib/react-hooks.cjs.js:467:14)
        at useBaseQuery (/workspace/source/node_modules/@apollo/react-hooks/lib/react-hooks.cjs.js:521:16)
        at Object.useQuery (/workspace/source/node_modules/@apollo/react-hooks/lib/react-hooks.cjs.js:551:10)
        at Object.useQuery (/workspace/source/src/hooks/apollo.ts:9:25)
        at useGetUnReadNotificationNumberQuery (/workspace/source/src/generated/graphql.tsx:454:33)
        at UserContextProvider (/workspace/source/src/context/user-context.tsx:18:20)
        at renderWithHooks (/workspace/source/node_modules/react-dom/cjs/react-dom.development.js:14803:18)
        at mountIndeterminateComponent (/workspace/source/node_modules/react-dom/cjs/react-dom.development.js:17482:13)
        at beginWork (/workspace/source/node_modules/react-dom/cjs/react-dom.development.js:18596:16)
        at HTMLUnknownElement.callCallback (/workspace/source/node_modules/react-dom/cjs/react-dom.development.js:188:14)
        at invokeEventListeners (/workspace/source/node_modules/jsdom/lib/jsdom/living/events/EventTarget-impl.js:193:27)
        at HTMLUnknownElementImpl._dispatch (/workspace/source/node_modules/jsdom/lib/jsdom/living/events/EventTarget-impl.js:119:9)
        at HTMLUnknownElementImpl.dispatchEvent (/workspace/source/node_modules/jsdom/lib/jsdom/living/events/EventTarget-impl.js:82:17)
        at HTMLUnknownElementImpl.dispatchEvent (/workspace/source/node_modules/jsdom/lib/jsdom/living/nodes/HTMLElement-impl.js:30:27)
        at HTMLUnknownElement.dispatchEvent (/workspace/source/node_modules/jsdom/lib/jsdom/living/generated/EventTarget.js:157:21)
        at Object.invokeGuardedCallbackDev (/workspace/source/node_modules/react-dom/cjs/react-dom.development.js:237:16)
        at invokeGuardedCallback (/workspace/source/node_modules/react-dom/cjs/react-dom.development.js:292:31)
        at beginWork$1 (/workspace/source/node_modules/react-dom/cjs/react-dom.development.js:23203:7)
        at performUnitOfWork (/workspace/source/node_modules/react-dom/cjs/react-dom.development.js:22157:12)
        at workLoopSync (/workspace/source/node_modules/react-dom/cjs/react-dom.development.js:22130:22)
        at performSyncWorkOnRoot (/workspace/source/node_modules/react-dom/cjs/react-dom.development.js:21756:9)
        at scheduleUpdateOnFiber (/workspace/source/node_modules/react-dom/cjs/react-dom.development.js:21188:7)
        at updateContainer (/workspace/source/node_modules/react-dom/cjs/react-dom.development.js:24373:3)
        at /workspace/source/node_modules/react-dom/cjs/react-dom.development.js:24758:7
        at unbatchedUpdates (/workspace/source/node_modules/react-dom/cjs/react-dom.development.js:21903:12)
        at legacyRenderSubtreeIntoContainer (/workspace/source/node_modules/react-dom/cjs/react-dom.development.js:24757:5)
        at Object.render (/workspace/source/node_modules/react-dom/cjs/react-dom.development.js:24840:10)
        at /workspace/source/node_modules/@testing-library/react/dist/pure.js:86:25
        at batchedUpdates$1 (/workspace/source/node_modules/react-dom/cjs/react-dom.development.js:21856:12)
        at act (/workspace/source/node_modules/react-dom/cjs/react-dom-test-utils.development.js:929:14)
        at render (/workspace/source/node_modules/@testing-library/react/dist/pure.js:82:26)
        at Object.<anonymous>.test (/workspace/source/src/App.test.tsx:6:27)
        at Object.asyncJestTest (/workspace/source/node_modules/jest-jasmine2/build/jasmineAsyncInstall.js:102:37)
        at resolve (/workspace/source/node_modules/jest-jasmine2/build/queueRunner.js:43:12)
        at new Promise (<anonymous>)
        at mapper (/workspace/source/node_modules/jest-jasmine2/build/queueRunner.js:26:19)
        at promise.then (/workspace/source/node_modules/jest-jasmine2/build/queueRunner.js:73:41) framesToPop: 1, name: 'Invariant Violation' }

  console.error node_modules/react-dom/cjs/react-dom.development.js:19527
    The above error occurred in the <UserContextProvider> component:
        in UserContextProvider (at App.tsx:40)
        in App (at App.test.tsx:6)
    
    Consider adding an error boundary to your tree to customize error handling behavior.
    Visit https://fb.me/react-error-boundaries to learn more about error boundaries.

Test Suites: 1 failed, 1 total
Tests:       1 failed, 1 total
Snapshots:   0 total
Time:        3.083s
Ran all test suites.
npm ERR! Test failed.  See above for more details.
[31m
Pipeline failed on stage 'from-build-pack' : container 'step-build-npm-test'. The execution of the pipeline has stopped.[0m
