
Showing logs for build [32mbeethub-beet-master-release-nvx82-6[0m stage [32mfrom-build-pack[0m and container [32mstep-credential-initializer-6bfsr[0m
{"level":"warn","ts":1588817462.8880439,"logger":"fallback-logger","caller":"logging/config.go:69","msg":"Fetch GitHub commit ID from kodata failed: \"ref: refs/heads/0.8.0-**-support-backwards-incompats\" is not a valid GitHub commit ID"}
{"level":"info","ts":1588817462.8885357,"logger":"fallback-logger","caller":"creds-init/main.go:40","msg":"Credentials initialized."}

Showing logs for build [32mbeethub-beet-master-release-nvx82-6[0m stage [32mfrom-build-pack[0m and container [32mstep-working-dir-initializer-5j6wl[0m
{"level":"warn","ts":1588817463.3661804,"logger":"fallback-logger","caller":"logging/config.go:69","msg":"Fetch GitHub commit ID from kodata failed: open /var/run/ko/HEAD: no such file or directory"}
{"level":"info","ts":1588817463.367805,"logger":"fallback-logger","caller":"bash/main.go:64","msg":"Successfully executed command \"sh -c mkdir -p /workspace/source\"; output "}

Showing logs for build [32mbeethub-beet-master-release-nvx82-6[0m stage [32mfrom-build-pack[0m and container [32mstep-place-tools[0m

Showing logs for build [32mbeethub-beet-master-release-nvx82-6[0m stage [32mfrom-build-pack[0m and container [32mstep-git-source-beethub-beet-master-release-nvx82-jxlhp[0m
{"level":"warn","ts":1588817470.4196584,"logger":"fallback-logger","caller":"logging/config.go:69","msg":"Fetch GitHub commit ID from kodata failed: \"ref: refs/heads/0.8.0-**-support-backwards-incompats\" is not a valid GitHub commit ID"}
{"level":"info","ts":1588817470.7242362,"logger":"fallback-logger","caller":"git/git.go:103","msg":"Successfully cloned https://github.com/beethub/beet.git @ v0.0.15 in path /workspace/source"}

Showing logs for build [32mbeethub-beet-master-release-nvx82-6[0m stage [32mfrom-build-pack[0m and container [32mstep-git-merge[0m
Using SHAs from PULL_REFS=master:5da95b58985c08508ebc8a6403734b5e096e20bf
WARNING: no SHAs to merge, falling back to initial cloned commit

Showing logs for build [32mbeethub-beet-master-release-nvx82-6[0m stage [32mfrom-build-pack[0m and container [32mstep-setup-jx-git-credentials[0m
Generated Git credentials file /workspace/xdg_config/git/credentials

Showing logs for build [32mbeethub-beet-master-release-nvx82-6[0m stage [32mfrom-build-pack[0m and container [32mstep-build-npmrc[0m
Command "credential" is deprecated, it will be removed on Jun 1 2020.  This is replaced by Tekton's mounted secrets
WARNING: failed to find Secret npm-token in namespace **

Showing logs for build [32mbeethub-beet-master-release-nvx82-6[0m stage [32mfrom-build-pack[0m and container [32mstep-build-npm-install[0m

> core-js@2.6.11 postinstall /workspace/source/node_modules/babel-runtime/node_modules/core-js
> node -e "try{require('./postinstall')}catch(e){}"


> core-js@3.6.4 postinstall /workspace/source/node_modules/core-js
> node -e "try{require('./postinstall')}catch(e){}"


> core-js-pure@3.6.4 postinstall /workspace/source/node_modules/core-js-pure
> node -e "try{require('./postinstall')}catch(e){}"


> core-js@2.6.11 postinstall /workspace/source/node_modules/fbjs/node_modules/core-js
> node -e "try{require('./postinstall')}catch(e){}"

npm WARN The package @graphql-codegen/cli is included as both a dev and production dependency.
npm WARN optional SKIPPING OPTIONAL DEPENDENCY: fsevents@1.2.12 (node_modules/webpack-dev-server/node_modules/fsevents):
npm WARN notsup SKIPPING OPTIONAL DEPENDENCY: Unsupported platform for fsevents@1.2.12: wanted {"os":"darwin","arch":"any"} (current: {"os":"linux","arch":"x64"})
npm WARN optional SKIPPING OPTIONAL DEPENDENCY: fsevents@1.2.12 (node_modules/watchpack/node_modules/fsevents):
npm WARN notsup SKIPPING OPTIONAL DEPENDENCY: Unsupported platform for fsevents@1.2.12: wanted {"os":"darwin","arch":"any"} (current: {"os":"linux","arch":"x64"})
npm WARN optional SKIPPING OPTIONAL DEPENDENCY: fsevents@1.2.12 (node_modules/jest-haste-map/node_modules/fsevents):
npm WARN notsup SKIPPING OPTIONAL DEPENDENCY: Unsupported platform for fsevents@1.2.12: wanted {"os":"darwin","arch":"any"} (current: {"os":"linux","arch":"x64"})
npm WARN optional SKIPPING OPTIONAL DEPENDENCY: fsevents@2.1.2 (node_modules/fsevents):
npm WARN notsup SKIPPING OPTIONAL DEPENDENCY: Unsupported platform for fsevents@2.1.2: wanted {"os":"darwin","arch":"any"} (current: {"os":"linux","arch":"x64"})

added 1912 packages from 962 contributors and audited 933306 packages in 35.027s
found 1 low severity vulnerability
  run `npm audit fix` to fix them, or `npm audit` for details

Showing logs for build [32mbeethub-beet-master-release-nvx82-6[0m stage [32mfrom-build-pack[0m and container [32mstep-build-npm-test[0m

> beet@0.0.1 test /workspace/source
> react-scripts test

  console.warn node_modules/graphql-tag/lib/graphql-tag.umd.js:54
    Warning: fragment with name ReceiptsList already exists.
    graphql-tag enforces all fragment names across your application to be unique; read more about
    this in the docs: http://dev.apollodata.com/core/fragments.html#unique-names

PASS src/App.test.tsx
  ✓ renders without crashing (786ms)

Test Suites: 1 passed, 1 total
Tests:       1 passed, 1 total
Snapshots:   0 total
Time:        3.068s
Ran all test suites.

Showing logs for build [32mbeethub-beet-master-release-nvx82-6[0m stage [32mfrom-build-pack[0m and container [32mstep-build-ui-build[0m

> beet@0.0.1 build /workspace/source
> react-scripts build

Creating an optimized production build...
Compiled with warnings.

./src/components/AddReceiptFixedBottom.tsx
  Line 35:17:  'onFilePicker' is assigned a value but never used  @typescript-eslint/no-unused-vars
  Line 36:20:  'error' is assigned a value but never used         @typescript-eslint/no-unused-vars
  Line 36:27:  'data' is assigned a value but never used          @typescript-eslint/no-unused-vars

Search for the keywords to learn more about each warning.
To ignore, add // eslint-disable-next-line to the line before.

File sizes after gzip:

  129.95 KB  build/static/js/51.e67efe8b.chunk.js
  24.98 KB   build/static/js/93.77911035.chunk.js
  24.11 KB   build/static/js/4.dd414bc3.chunk.js
  11.79 KB   build/static/js/53.a71698b0.chunk.js
  10.71 KB   build/static/js/59.9d5bbf7a.chunk.js
  10.71 KB   build/static/js/60.a2b52b28.chunk.js
  10.2 KB    build/static/js/55.f0990f82.chunk.js
  10.19 KB   build/static/js/56.6876baed.chunk.js
  7.46 KB    build/static/js/77.db974178.chunk.js
  7.45 KB    build/static/js/76.478c4b60.chunk.js
  6.37 KB    build/static/js/63.894ff56f.chunk.js
  6.37 KB    build/static/js/64.f212bea4.chunk.js
  6.28 KB    build/static/js/61.c95749fb.chunk.js
  6.28 KB    build/static/js/62.f80f4e49.chunk.js
  6.03 KB    build/static/js/54.b8c4fb53.chunk.js
  5.73 KB    build/static/js/91.9d25c9fc.chunk.js
  5.73 KB    build/static/js/90.990ab347.chunk.js
  5.37 KB    build/static/js/78.40452cb8.chunk.js
  5.37 KB    build/static/js/79.d5f83093.chunk.js
  5.36 KB    build/static/js/86.0469079f.chunk.js
  5.36 KB    build/static/js/85.72cc1ad7.chunk.js
  4.96 KB    build/static/js/73.3d09cd80.chunk.js
  4.96 KB    build/static/js/72.b51030b5.chunk.js
  4.7 KB     build/static/js/82.694e6b19.chunk.js
  4.69 KB    build/static/js/69.2d1f0e7a.chunk.js
  4.54 KB    build/static/js/81.9f897f5f.chunk.js
  4.54 KB    build/static/js/80.005a0965.chunk.js
  4.51 KB    build/static/js/83.9bf0edd1.chunk.js
  4.51 KB    build/static/js/84.a199f0e8.chunk.js
  4.36 KB    build/static/js/74.9e534fc8.chunk.js
  4.36 KB    build/static/js/75.6718c124.chunk.js
  4.28 KB    build/static/js/57.d87a7dcc.chunk.js
  4.28 KB    build/static/js/58.5c6b5a38.chunk.js
  4.08 KB    build/static/js/66.0f763059.chunk.js
  4.08 KB    build/static/js/65.fa6a3421.chunk.js
  4.07 KB    build/static/js/stencil-ion-fab_3-ios-entry-js.5ee7fd12.chunk.js
  4.07 KB    build/static/js/stencil-ion-fab_3-md-entry-js.0d368aae.chunk.js
  4.02 KB    build/static/js/70.14963240.chunk.js
  4.02 KB    build/static/js/71.ad45bba6.chunk.js
  3.98 KB    build/static/js/87.a97d69be.chunk.js
  3.98 KB    build/static/js/88.8b98015f.chunk.js
  3.72 KB    build/static/js/stencil-ion-tab-bar_2-ios-entry-js.83e2fc73.chunk.js
  3.72 KB    build/static/js/stencil-ion-tab-bar_2-md-entry-js.545ef8ce.chunk.js
  3.67 KB    build/static/css/51.f6437998.chunk.css
  3.58 KB    build/static/js/68.1612195a.chunk.js
  3.56 KB    build/static/js/stencil-ion-popover-ios-entry-js.7be5a7a1.chunk.js
  3.55 KB    build/static/js/stencil-ion-popover-md-entry-js.8b1eaeb1.chunk.js
  3.41 KB    build/static/js/stencil-ion-input-ios-entry-js.08c4c96e.chunk.js
  3.41 KB    build/static/js/stencil-ion-input-md-entry-js.9d02b0ba.chunk.js
  3.28 KB    build/static/js/52.441a9f25.chunk.js
  3.21 KB    build/static/js/stencil-ion-virtual-scroll-entry-js.9ed1e3ca.chunk.js
  3.09 KB    build/static/js/stencil-ion-toggle-ios-entry-js.48f941ed.chunk.js
  3.09 KB    build/static/js/stencil-ion-toggle-md-entry-js.eb0fe25e.chunk.js
  2.96 KB    build/static/js/stencil-ion-loading-ios-entry-js.5f7ccb88.chunk.js
  2.96 KB    build/static/js/stencil-ion-loading-md-entry-js.9aea3f7e.chunk.js
  2.83 KB    build/static/js/runtime-main.ee2db736.js
  2.82 KB    build/static/js/stencil-ion-back-button-ios-entry-js.e69b9012.chunk.js
  2.82 KB    build/static/js/stencil-ion-back-button-md-entry-js.c72bafc7.chunk.js
  2.74 KB    build/static/js/stencil-ion-textarea-ios-entry-js.a9b9e3b6.chunk.js
  2.74 KB    build/static/js/stencil-ion-textarea-md-entry-js.51c006c8.chunk.js
  2.58 KB    build/static/js/stencil-ion-card_5-ios-entry-js.bb44891a.chunk.js
  2.58 KB    build/static/js/stencil-ion-card_5-md-entry-js.1432f5ca.chunk.js
  2.58 KB    build/static/js/stencil-ion-radio_2-ios-entry-js.332b550d.chunk.js
  2.58 KB    build/static/js/stencil-ion-radio_2-md-entry-js.a818b9cd.chunk.js
  2.37 KB    build/static/js/stencil-ion-progress-bar-ios-entry-js.d8dba41c.chunk.js
  2.37 KB    build/static/js/stencil-ion-progress-bar-md-entry-js.44ea9e00.chunk.js
  2.33 KB    build/static/js/stencil-ion-reorder_2-ios-entry-js.38909c81.chunk.js
  2.33 KB    build/static/js/stencil-ion-reorder_2-md-entry-js.13e5d986.chunk.js
  2.32 KB    build/static/js/stencil-ion-checkbox-md-entry-js.b84ef8af.chunk.js
  2.32 KB    build/static/js/stencil-ion-checkbox-ios-entry-js.d081179c.chunk.js
  2.28 KB    build/static/js/stencil-ion-infinite-scroll_2-ios-entry-js.964ebbea.chunk.js
  2.28 KB    build/static/js/stencil-ion-infinite-scroll_2-md-entry-js.01539f4c.chunk.js
  2.15 KB    build/static/js/stencil-ion-spinner-entry-js.9cdf3d3c.chunk.js
  2.13 KB    build/static/js/main.70e07730.chunk.js
  2.1 KB     build/static/js/95.a8a297e4.chunk.js
  2.09 KB    build/static/js/92.512ca4b7.chunk.js
  2.01 KB    build/static/js/stencil-ion-tab_2-entry-js.737229c5.chunk.js
  1.92 KB    build/static/js/2.3c6c64f2.chunk.js
  1.79 KB    build/static/js/stencil-ion-col_3-entry-js.33df43d9.chunk.js
  1.67 KB    build/static/js/stencil-ion-chip-ios-entry-js.dd21666b.chunk.js
  1.67 KB    build/static/js/stencil-ion-chip-md-entry-js.3481c10b.chunk.js
  1.67 KB    build/static/js/94.1f2f25d2.chunk.js
  1.43 KB    build/static/js/stencil-ion-split-pane-ios-entry-js.748336ba.chunk.js
  1.42 KB    build/static/js/stencil-ion-split-pane-md-entry-js.1724db3e.chunk.js
  1.39 KB    build/static/js/stencil-ion-avatar_3-ios-entry-js.ba368708.chunk.js
  1.39 KB    build/static/js/stencil-ion-avatar_3-md-entry-js.ff0ae872.chunk.js
  1.24 KB    build/static/js/stencil-ion-ripple-effect-entry-js.9f0c556a.chunk.js
  1.1 KB     build/static/css/main.4bd47c98.chunk.css
  955 B      build/static/js/5.74873ff9.chunk.js
  822 B      build/static/js/stencil-ion-text-entry-js.d557a7d5.chunk.js
  796 B      build/static/js/stencil-ion-backdrop-ios-entry-js.ea147d80.chunk.js
  796 B      build/static/js/stencil-ion-backdrop-md-entry-js.8b43ae13.chunk.js
  725 B      build/static/js/stencil-ion-img-entry-js.2deb032c.chunk.js
  565 B      build/static/js/89.0fff4d58.chunk.js
  557 B      build/static/css/52.65127de5.chunk.css
  501 B      build/static/js/67.d4a41610.chunk.js
  469 B      build/static/js/1.e219b71b.chunk.js
  460 B      build/static/js/0.5f6cbd44.chunk.js
  341 B      build/static/js/3.2d7a11ec.chunk.js

The project was built assuming it is hosted at /.
You can control this with the homepage field in your package.json.

The build folder is ready to be deployed.
You may serve it with a static server:

  npm install -g serve
  serve -s build

Find out more about deployment here:

  bit.ly/CRA-deploy


Showing logs for build [32mbeethub-beet-master-release-nvx82-6[0m stage [32mfrom-build-pack[0m and container [32mstep-build-container-build[0m
[36mINFO[0m[0000] Downloading base image nginx:stable-alpine   
[36mINFO[0m[0000] Error while retrieving image from cache: getting file info: stat /workspace/sha256:676b8117782d9e8c20af8e1b19356f64acc76c981f3a65c66e33a9874877892a: no such file or directory 
[36mINFO[0m[0000] Downloading base image nginx:stable-alpine   
[36mINFO[0m[0000] Checking for cached layer docker.io/todo/cache:5c88d160fd398905049a64ef1d6af049200a86087a1aa15f3c1704a42a4dd74e... 
[36mINFO[0m[0000] No cached layer found for cmd RUN apk add --no-cache bash 
[36mINFO[0m[0000] Unpacking rootfs as cmd RUN apk add --no-cache bash requires it. 
[36mINFO[0m[0001] Taking snapshot of full filesystem...        
[36mINFO[0m[0001] RUN apk add --no-cache bash                  
[36mINFO[0m[0001] cmd: /bin/sh                                 
[36mINFO[0m[0001] args: [-c apk add --no-cache bash]           
fetch http://dl-cdn.alpinelinux.org/alpine/v3.11/main/x86_64/APKINDEX.tar.gz
fetch http://dl-cdn.alpinelinux.org/alpine/v3.11/community/x86_64/APKINDEX.tar.gz
(1/2) Installing readline (8.0.1-r0)
(2/2) Installing bash (5.0.11-r1)
Executing bash-5.0.11-r1.post-install
Executing busybox-1.31.1-r9.trigger
OK: 25 MiB in 43 packages
[36mINFO[0m[0002] Taking snapshot of full filesystem...        
[36mINFO[0m[0002] RUN rm -rf /etc/nginx/conf.d                 
[36mINFO[0m[0002] cmd: /bin/sh                                 
[36mINFO[0m[0002] args: [-c rm -rf /etc/nginx/conf.d]          
[36mINFO[0m[0002] Pushing layer docker.io/todo/cache:5c88d160fd398905049a64ef1d6af049200a86087a1aa15f3c1704a42a4dd74e to cache now 
[36mINFO[0m[0002] Taking snapshot of full filesystem...        
[36mINFO[0m[0002] Adding whiteout for /etc/nginx/conf.d        
[36mINFO[0m[0002] Using files from context: [/workspace/source/conf] 
[36mINFO[0m[0002] Pushing layer docker.io/todo/cache:20132a846fa5890d1288eb99d73a4742008dd2f48d1aee20e0620ea0c18943d0 to cache now 
[36mINFO[0m[0002] COPY conf /etc/nginx                         
[36mINFO[0m[0002] Taking snapshot of files...                  
[36mINFO[0m[0002] Using files from context: [/workspace/source/build] 
[36mINFO[0m[0002] COPY /build /usr/share/nginx/html            
[36mINFO[0m[0002] Taking snapshot of files...                  
[36mINFO[0m[0002] EXPOSE 80                                    
[36mINFO[0m[0002] cmd: EXPOSE                                  
[36mINFO[0m[0002] Adding exposed port: 80/tcp                  
[36mINFO[0m[0002] No files changed in this command, skipping snapshotting. 
[36mINFO[0m[0002] WORKDIR /usr/share/nginx/html                
[36mINFO[0m[0002] cmd: workdir                                 
[36mINFO[0m[0002] Changed working directory to /usr/share/nginx/html 
[36mINFO[0m[0002] No files changed in this command, skipping snapshotting. 
[36mINFO[0m[0002] Using files from context: [/workspace/source/env.sh] 
[36mINFO[0m[0002] COPY ./env.sh .                              
[36mINFO[0m[0002] Taking snapshot of files...                  
[36mINFO[0m[0002] Using files from context: [/workspace/source/.env] 
[36mINFO[0m[0002] COPY .env .                                  
[36mINFO[0m[0002] Taking snapshot of files...                  
[36mINFO[0m[0002] RUN chmod +x env.sh                          
[36mINFO[0m[0002] cmd: /bin/sh                                 
[36mINFO[0m[0002] args: [-c chmod +x env.sh]                   
[36mINFO[0m[0002] Taking snapshot of full filesystem...        
[36mINFO[0m[0003] No files were changed, appending empty layer to config. No layer added to image. 
[36mINFO[0m[0003] CMD ["/bin/bash", "-c", "/usr/share/nginx/html/env.sh && nginx -g \"daemon off;\""] 
[36mINFO[0m[0003] No files changed in this command, skipping snapshotting. 
[36mINFO[0m[0003] Pushing layer docker.io/todo/cache:a36f0cd64ecd128771514291bd9de75183c5a64aaf15a295c7dba061d5994d5b to cache now 
[33mWARN[0m[0003] error uploading layer to cache: failed to push to destination index.docker.io/todo/cache:5c88d160fd398905049a64ef1d6af049200a86087a1aa15f3c1704a42a4dd74e: unsupported status code 401; body:  
2020/05/07 02:12:55 existing blob: sha256:cbdbe7a5bc2a134ca8ec91be58565ec07d037386d1f1d8385412d224deafca08
2020/05/07 02:12:55 existing blob: sha256:6ade829cd166df9b2331da48e3e60342aef9f95e1e45cde8d20e6b01be7e6d9a
2020/05/07 02:12:56 pushed blob: sha256:d125d14ab937efd4f0d9555d991544d260444a06cf5e9892cb6a73db51847739
2020/05/07 02:12:56 pushed blob: sha256:f0410f87c6a321f66092f31ac1654c6550cef4f842e3bd9efddc785063890ab1
2020/05/07 02:12:56 pushed blob: sha256:ad9cf404d93963242eb4cc018e2167efd78718ca49dd4a4c56d3701b0d2805e3
2020/05/07 02:12:56 pushed blob: sha256:4ae30b01ea4099090d983e34a0ce673c1380c923a844a99d7670e645da78418e
2020/05/07 02:12:56 pushed blob: sha256:fffc2a35ce38ad5de96c438cfec1b585266dd201ca1a8901f4d69dd7fef1e212
2020/05/07 02:12:56 pushed blob: sha256:46808dfdc83619ad274cb925f6b27dcdb065e6888cc9281c4a3425ccc716e609
2020/05/07 02:12:57 pushed blob: sha256:b5a968f9eb126ec5c05c11aece38a3f2f9ddfee301798054dae08e3acc397db8
2020/05/07 02:12:57 index.docker.io/beethub/beet:0.0.15: digest: sha256:d89755304546802db347fab06c2ce5f12f4766816325f1a5c410ba8200d2ca5c size: 1559

Showing logs for build [32mbeethub-beet-master-release-nvx82-6[0m stage [32mfrom-build-pack[0m and container [32mstep-build-post-build[0m
no CVE provider running in the current ** namespace so skip adding image to be analysed

Showing logs for build [32mbeethub-beet-master-release-nvx82-6[0m stage [32mfrom-build-pack[0m and container [32mstep-promote-changelog[0m
Converted /workspace/source/charts/beet to an unshallow repository
Generating change log from git ref 0cf8f31fb5bf3949565221fbb1e01b882f680b05 => e1e85c5fc480168fa9d16e9542a5c54fba33e87f
Associating user x-0 in users.jenkins.io with email cesarac66@hotmail.com to git GitProvider user with login -0 as emails match
Adding label jenkins.io/git-github-userid=-0 to user x-0 in users.jenkins.io
WARNING: Failed to enrich commit 5da95b58985c08508ebc8a6403734b5e096e20bf with issues: User.jenkins.io "x-0" is invalid: metadata.labels: Invalid value: "-0": a valid label must be an empty string or consist of alphanumeric characters, '-', '_' or '.', and must start and end with an alphanumeric character (e.g. 'MyValue',  or 'my_value',  or '12345', regex used for validation is '(([A-Za-z0-9][-A-Za-z0-9_.]*)?[A-Za-z0-9])?')
Associating user x-0 in users.jenkins.io with email cesarac66@hotmail.com to git GitProvider user with login -0 as emails match
Adding label jenkins.io/git-github-userid=-0 to user x-0 in users.jenkins.io
WARNING: Failed to enrich commit 5da95b58985c08508ebc8a6403734b5e096e20bf with issues: User.jenkins.io "x-0" is invalid: metadata.labels: Invalid value: "-0": a valid label must be an empty string or consist of alphanumeric characters, '-', '_' or '.', and must start and end with an alphanumeric character (e.g. 'MyValue',  or 'my_value',  or '12345', regex used for validation is '(([A-Za-z0-9][-A-Za-z0-9_.]*)?[A-Za-z0-9])?')
Finding issues in commit messages using git format
WARNING: No release found for beethub/beet and tag v0.0.15 so creating a new release
Updated the release information at https://github.com/beethub/beet/releases/tag/v0.0.15
generated: /workspace/source/charts/beet/templates/release.yaml
Created Release beet-0-0-15 resource in namespace **
Updating PipelineActivity beethub-beet-master-6 with version 0.0.15
Updated PipelineActivities beethub-beet-master-6 with release notes URL: https://github.com/beethub/beet/releases/tag/v0.0.15

Showing logs for build [32mbeethub-beet-master-release-nvx82-6[0m stage [32mfrom-build-pack[0m and container [32mstep-promote-helm-release[0m
WARNING: No $CHART_REPOSITORY defined so using the default value of: http://jenkins-x-chartmuseum:8080
Adding missing Helm repo: storage.googleapis.com https://storage.googleapis.com/chartmuseum.jenkins-x.io
Successfully added Helm repository storage.googleapis.com.
Adding missing Helm repo: jenkins-x-chartmuseum http://jenkins-x-chartmuseum:8080
Successfully added Helm repository jenkins-x-chartmuseum.
WARNING: No $CHART_REPOSITORY defined so using the default value of: http://jenkins-x-chartmuseum:8080
Uploading chart file beet-0.0.15.tgz to http://jenkins-x-chartmuseum:8080/api/charts
Received 201 response: {"saved":true}

Showing logs for build [32mbeethub-beet-master-release-nvx82-6[0m stage [32mfrom-build-pack[0m and container [32mstep-promote-jx-promote[0m
WARNING: prow based install so skip waiting for the merge of Pull Requests to go green as currently there is an issue with gettingstatuses from the PR, see https://github.com/jenkins-x/**/issues/2410
WARNING: No $CHART_REPOSITORY defined so using the default value of: http://jenkins-x-chartmuseum:8080
Promoting app beet version 0.0.15 to namespace **-staging
WARNING: 
Created Pull Request: https://github.com/beethub/environment-beet-k8s-1-staging/pull/41
Added label updatebot to Pull Request https://github.com/beethub/environment-beet-k8s-1-staging/pull/41
got git provider status pending from PR https://github.com/beethub/environment-beet-k8s-1-staging/pull/41
got git provider status pending from PR https://github.com/beethub/environment-beet-k8s-1-staging/pull/41
got git provider status pending from PR https://github.com/beethub/environment-beet-k8s-1-staging/pull/41
got git provider status pending from PR https://github.com/beethub/environment-beet-k8s-1-staging/pull/41
Pull Request https://github.com/beethub/environment-beet-k8s-1-staging/pull/41 is merged at sha e897796e2d471a4444050c79055d8e815acc99d8
Pull Request merged but we are not waiting for the update pipeline to complete!
